HikariPool-1 - Thread starvation or clock leap detected (housekeeper delta=13h52m47s833ms184µs856ns).
Resolved [org.springframework.web.HttpRequestMethodNotSupportedException: Request method 'GET' not supported]
Resolved [org.springframework.web.HttpRequestMethodNotSupportedException: Request method 'GET' not supported]
Resolved [org.springframework.web.method.annotation.MethodArgumentTypeMismatchException: Failed to convert value of type 'java.lang.String' to required type 'java.lang.Integer'; nested exception is java.lang.NumberFormatException: For input string: "undefined"]
No MyBatis mapper was found in '[com.mmall.mapper]' package. Please check your configuration.
Bootstrapping Spring Data repositories in DEFAULT mode.
Finished Spring Data repository scanning in 44ms. Found 0 repository interfaces.
开始连接ftp服务器
开始连接ftp服务器,结束上传,上传结果:{}
开始连接ftp服务器
开始连接ftp服务器,结束上传,上传结果:{}
开始连接ftp服务器
开始连接ftp服务器,结束上传,上传结果:{}
Starting MmallApplication on quantdo-PC with PID 13204 (E:\JAVA\mmall\target\classes started by quantdo in E:\JAVA\mmall)
The following profiles are active: dev
Multiple Spring Data modules found, entering strict repository configuration mode!
Bootstrapping Spring Data repositories in DEFAULT mode.
Finished Spring Data repository scanning in 43ms. Found 0 repository interfaces.
Bean 'org.springframework.transaction.annotation.ProxyTransactionManagementConfiguration' of type [org.springframework.transaction.annotation.ProxyTransactionManagementConfiguration$$EnhancerBySpringCGLIB$$fb1d37de] is not eligible for getting processed by all BeanPostProcessors (for example: not eligible for auto-proxying)
The APR based Apache Tomcat Native library failed to load. The error reported was [D:\apache-tomcat-8.5.43\bin\tcnative-1.dll: Can't load AMD 64-bit .dll on a IA 32-bit platform]
java.lang.UnsatisfiedLinkError: D:\apache-tomcat-8.5.43\bin\tcnative-1.dll: Can't load AMD 64-bit .dll on a IA 32-bit platform
	at java.lang.ClassLoader$NativeLibrary.load(Native Method)
	at java.lang.ClassLoader.loadLibrary0(ClassLoader.java:1938)
	at java.lang.ClassLoader.loadLibrary(ClassLoader.java:1854)
	at java.lang.Runtime.loadLibrary0(Runtime.java:870)
	at java.lang.System.loadLibrary(System.java:1122)
	at org.apache.tomcat.jni.Library.<init>(Library.java:69)
	at org.apache.tomcat.jni.Library.initialize(Library.java:206)
	at org.apache.catalina.core.AprLifecycleListener.init(AprLifecycleListener.java:198)
	at org.apache.catalina.core.AprLifecycleListener.isAprAvailable(AprLifecycleListener.java:107)
	at org.springframework.boot.web.embedded.tomcat.TomcatServletWebServerFactory.getDefaultLifecycleListeners(TomcatServletWebServerFactory.java:159)
	at org.springframework.boot.web.embedded.tomcat.TomcatServletWebServerFactory.<init>(TomcatServletWebServerFactory.java:114)
	at org.springframework.boot.autoconfigure.web.servlet.ServletWebServerFactoryConfiguration$EmbeddedTomcat.tomcatServletWebServerFactory(ServletWebServerFactoryConfiguration.java:61)
	at org.springframework.boot.autoconfigure.web.servlet.ServletWebServerFactoryConfiguration$EmbeddedTomcat$$EnhancerBySpringCGLIB$$659fa9c8.CGLIB$tomcatServletWebServerFactory$0(<generated>)
	at org.springframework.boot.autoconfigure.web.servlet.ServletWebServerFactoryConfiguration$EmbeddedTomcat$$EnhancerBySpringCGLIB$$659fa9c8$$FastClassBySpringCGLIB$$1090586d.invoke(<generated>)
	at org.springframework.cglib.proxy.MethodProxy.invokeSuper(MethodProxy.java:244)
	at org.springframework.context.annotation.ConfigurationClassEnhancer$BeanMethodInterceptor.intercept(ConfigurationClassEnhancer.java:363)
	at org.springframework.boot.autoconfigure.web.servlet.ServletWebServerFactoryConfiguration$EmbeddedTomcat$$EnhancerBySpringCGLIB$$659fa9c8.tomcatServletWebServerFactory(<generated>)
	at sun.reflect.NativeMethodAccessorImpl.invoke0(Native Method)
	at sun.reflect.NativeMethodAccessorImpl.invoke(NativeMethodAccessorImpl.java:62)
	at sun.reflect.DelegatingMethodAccessorImpl.__invoke(DelegatingMethodAccessorImpl.java:43)
	at sun.reflect.DelegatingMethodAccessorImpl.invoke(DelegatingMethodAccessorImpl.java:45009)
	at sun.reflect.DelegatingMethodAccessorImpl.invoke(DelegatingMethodAccessorImpl.java:45012)
	at java.lang.reflect.Method.invoke(Method.java:497)
	at org.springframework.beans.factory.support.SimpleInstantiationStrategy.instantiate(SimpleInstantiationStrategy.java:154)
	at org.springframework.beans.factory.support.ConstructorResolver.instantiate(ConstructorResolver.java:622)
	at org.springframework.beans.factory.support.ConstructorResolver.instantiateUsingFactoryMethod(ConstructorResolver.java:456)
	at org.springframework.beans.factory.support.AbstractAutowireCapableBeanFactory.instantiateUsingFactoryMethod(AbstractAutowireCapableBeanFactory.java:1321)
	at org.springframework.beans.factory.support.AbstractAutowireCapableBeanFactory.createBeanInstance(AbstractAutowireCapableBeanFactory.java:1160)
	at org.springframework.beans.factory.support.AbstractAutowireCapableBeanFactory.doCreateBean(AbstractAutowireCapableBeanFactory.java:555)
	at org.springframework.beans.factory.support.AbstractAutowireCapableBeanFactory.createBean(AbstractAutowireCapableBeanFactory.java:515)
	at org.springframework.beans.factory.support.AbstractBeanFactory.lambda$doGetBean$0(AbstractBeanFactory.java:320)
	at org.springframework.beans.factory.support.DefaultSingletonBeanRegistry.getSingleton(DefaultSingletonBeanRegistry.java:222)
	at org.springframework.beans.factory.support.AbstractBeanFactory.doGetBean(AbstractBeanFactory.java:318)
	at org.springframework.beans.factory.support.AbstractBeanFactory.getBean(AbstractBeanFactory.java:204)
	at org.springframework.boot.web.servlet.context.ServletWebServerApplicationContext.getWebServerFactory(ServletWebServerApplicationContext.java:209)
	at org.springframework.boot.web.servlet.context.ServletWebServerApplicationContext.createWebServer(ServletWebServerApplicationContext.java:178)
	at org.springframework.boot.web.servlet.context.ServletWebServerApplicationContext.onRefresh(ServletWebServerApplicationContext.java:152)
	at org.springframework.context.support.AbstractApplicationContext.__refresh(AbstractApplicationContext.java:543)
	at org.springframework.context.support.AbstractApplicationContext.jrLockAndRefresh(AbstractApplicationContext.java:40002)
	at org.springframework.context.support.AbstractApplicationContext.refresh(AbstractApplicationContext.java:41008)
	at org.springframework.boot.web.servlet.context.ServletWebServerApplicationContext.refresh(ServletWebServerApplicationContext.java:140)
	at org.springframework.boot.SpringApplication.refresh(SpringApplication.java:742)
	at org.springframework.boot.SpringApplication.refreshContext(SpringApplication.java:389)
	at org.springframework.boot.SpringApplication.run(SpringApplication.java:311)
	at org.springframework.boot.SpringApplication.run(SpringApplication.java:1213)
	at org.springframework.boot.SpringApplication.run(SpringApplication.java:1202)
	at com.mmall.MmallApplication.main(MmallApplication.java:14)
Tomcat initialized with port(s): 8085 (http)
Initializing ProtocolHandler ["http-nio-8085"]
Starting service [Tomcat]
Starting Servlet engine: [Apache Tomcat/9.0.21]
Initializing Spring embedded WebApplicationContext
Root WebApplicationContext: initialization completed in 2714 ms
Initializing ExecutorService 'applicationTaskExecutor'
Starting ProtocolHandler ["http-nio-8085"]
Tomcat started on port(s): 8085 (http) with context path ''
Started MmallApplication in 7.368 seconds (JVM running for 11.205)
Initializing Spring DispatcherServlet 'dispatcherServlet'
Initializing Servlet 'dispatcherServlet'
Completed initialization in 27 ms
HikariPool-1 - Starting...
HikariPool-1 - Start completed.
开始连接ftp服务器
开始连接ftp服务器,结束上传,上传结果:{}
开始连接ftp服务器
Starting MmallApplication on quantdo-PC with PID 11132 (E:\JAVA\mmall\target\classes started by quantdo in E:\JAVA\mmall)
The following profiles are active: dev
Multiple Spring Data modules found, entering strict repository configuration mode!
Bootstrapping Spring Data repositories in DEFAULT mode.
Finished Spring Data repository scanning in 47ms. Found 0 repository interfaces.
Bean 'org.springframework.transaction.annotation.ProxyTransactionManagementConfiguration' of type [org.springframework.transaction.annotation.ProxyTransactionManagementConfiguration$$EnhancerBySpringCGLIB$$3df82da3] is not eligible for getting processed by all BeanPostProcessors (for example: not eligible for auto-proxying)
The APR based Apache Tomcat Native library failed to load. The error reported was [D:\apache-tomcat-8.5.43\bin\tcnative-1.dll: Can't load AMD 64-bit .dll on a IA 32-bit platform]
java.lang.UnsatisfiedLinkError: D:\apache-tomcat-8.5.43\bin\tcnative-1.dll: Can't load AMD 64-bit .dll on a IA 32-bit platform
	at java.lang.ClassLoader$NativeLibrary.load(Native Method)
	at java.lang.ClassLoader.loadLibrary0(ClassLoader.java:1938)
	at java.lang.ClassLoader.loadLibrary(ClassLoader.java:1854)
	at java.lang.Runtime.loadLibrary0(Runtime.java:870)
	at java.lang.System.loadLibrary(System.java:1122)
	at org.apache.tomcat.jni.Library.<init>(Library.java:69)
	at org.apache.tomcat.jni.Library.initialize(Library.java:206)
	at org.apache.catalina.core.AprLifecycleListener.init(AprLifecycleListener.java:198)
	at org.apache.catalina.core.AprLifecycleListener.isAprAvailable(AprLifecycleListener.java:107)
	at org.springframework.boot.web.embedded.tomcat.TomcatServletWebServerFactory.getDefaultLifecycleListeners(TomcatServletWebServerFactory.java:159)
	at org.springframework.boot.web.embedded.tomcat.TomcatServletWebServerFactory.<init>(TomcatServletWebServerFactory.java:114)
	at org.springframework.boot.autoconfigure.web.servlet.ServletWebServerFactoryConfiguration$EmbeddedTomcat.tomcatServletWebServerFactory(ServletWebServerFactoryConfiguration.java:61)
	at org.springframework.boot.autoconfigure.web.servlet.ServletWebServerFactoryConfiguration$EmbeddedTomcat$$EnhancerBySpringCGLIB$$a87a9f8d.CGLIB$tomcatServletWebServerFactory$0(<generated>)
	at org.springframework.boot.autoconfigure.web.servlet.ServletWebServerFactoryConfiguration$EmbeddedTomcat$$EnhancerBySpringCGLIB$$a87a9f8d$$FastClassBySpringCGLIB$$1e53e1ee.invoke(<generated>)
	at org.springframework.cglib.proxy.MethodProxy.invokeSuper(MethodProxy.java:244)
	at org.springframework.context.annotation.ConfigurationClassEnhancer$BeanMethodInterceptor.intercept(ConfigurationClassEnhancer.java:363)
	at org.springframework.boot.autoconfigure.web.servlet.ServletWebServerFactoryConfiguration$EmbeddedTomcat$$EnhancerBySpringCGLIB$$a87a9f8d.tomcatServletWebServerFactory(<generated>)
	at sun.reflect.NativeMethodAccessorImpl.invoke0(Native Method)
	at sun.reflect.NativeMethodAccessorImpl.invoke(NativeMethodAccessorImpl.java:62)
	at sun.reflect.DelegatingMethodAccessorImpl.__invoke(DelegatingMethodAccessorImpl.java:43)
	at sun.reflect.DelegatingMethodAccessorImpl.invoke(DelegatingMethodAccessorImpl.java:45009)
	at sun.reflect.DelegatingMethodAccessorImpl.invoke(DelegatingMethodAccessorImpl.java:45012)
	at java.lang.reflect.Method.invoke(Method.java:497)
	at org.springframework.beans.factory.support.SimpleInstantiationStrategy.instantiate(SimpleInstantiationStrategy.java:154)
	at org.springframework.beans.factory.support.ConstructorResolver.instantiate(ConstructorResolver.java:622)
	at org.springframework.beans.factory.support.ConstructorResolver.instantiateUsingFactoryMethod(ConstructorResolver.java:456)
	at org.springframework.beans.factory.support.AbstractAutowireCapableBeanFactory.instantiateUsingFactoryMethod(AbstractAutowireCapableBeanFactory.java:1321)
	at org.springframework.beans.factory.support.AbstractAutowireCapableBeanFactory.createBeanInstance(AbstractAutowireCapableBeanFactory.java:1160)
	at org.springframework.beans.factory.support.AbstractAutowireCapableBeanFactory.doCreateBean(AbstractAutowireCapableBeanFactory.java:555)
	at org.springframework.beans.factory.support.AbstractAutowireCapableBeanFactory.createBean(AbstractAutowireCapableBeanFactory.java:515)
	at org.springframework.beans.factory.support.AbstractBeanFactory.lambda$doGetBean$0(AbstractBeanFactory.java:320)
	at org.springframework.beans.factory.support.DefaultSingletonBeanRegistry.getSingleton(DefaultSingletonBeanRegistry.java:222)
	at org.springframework.beans.factory.support.AbstractBeanFactory.doGetBean(AbstractBeanFactory.java:318)
	at org.springframework.beans.factory.support.AbstractBeanFactory.getBean(AbstractBeanFactory.java:204)
	at org.springframework.boot.web.servlet.context.ServletWebServerApplicationContext.getWebServerFactory(ServletWebServerApplicationContext.java:209)
	at org.springframework.boot.web.servlet.context.ServletWebServerApplicationContext.createWebServer(ServletWebServerApplicationContext.java:178)
	at org.springframework.boot.web.servlet.context.ServletWebServerApplicationContext.onRefresh(ServletWebServerApplicationContext.java:152)
	at org.springframework.context.support.AbstractApplicationContext.__refresh(AbstractApplicationContext.java:543)
	at org.springframework.context.support.AbstractApplicationContext.jrLockAndRefresh(AbstractApplicationContext.java:40002)
	at org.springframework.context.support.AbstractApplicationContext.refresh(AbstractApplicationContext.java:41008)
	at org.springframework.boot.web.servlet.context.ServletWebServerApplicationContext.refresh(ServletWebServerApplicationContext.java:140)
	at org.springframework.boot.SpringApplication.refresh(SpringApplication.java:742)
	at org.springframework.boot.SpringApplication.refreshContext(SpringApplication.java:389)
	at org.springframework.boot.SpringApplication.run(SpringApplication.java:311)
	at org.springframework.boot.SpringApplication.run(SpringApplication.java:1213)
	at org.springframework.boot.SpringApplication.run(SpringApplication.java:1202)
	at com.mmall.MmallApplication.main(MmallApplication.java:14)
Tomcat initialized with port(s): 8085 (http)
Initializing ProtocolHandler ["http-nio-8085"]
Starting service [Tomcat]
Starting Servlet engine: [Apache Tomcat/9.0.21]
Initializing Spring embedded WebApplicationContext
Root WebApplicationContext: initialization completed in 2018 ms
Initializing ExecutorService 'applicationTaskExecutor'
Starting ProtocolHandler ["http-nio-8085"]
Tomcat started on port(s): 8085 (http) with context path ''
Started MmallApplication in 4.783 seconds (JVM running for 8.571)
Initializing Spring DispatcherServlet 'dispatcherServlet'
Initializing Servlet 'dispatcherServlet'
Completed initialization in 11 ms
HikariPool-1 - Starting...
HikariPool-1 - Start completed.
开始连接ftp服务器
Starting MmallApplication on quantdo-PC with PID 14168 (E:\JAVA\mmall\target\classes started by quantdo in E:\JAVA\mmall)
The following profiles are active: dev
Multiple Spring Data modules found, entering strict repository configuration mode!
Bootstrapping Spring Data repositories in DEFAULT mode.
Finished Spring Data repository scanning in 43ms. Found 0 repository interfaces.
Bean 'org.springframework.transaction.annotation.ProxyTransactionManagementConfiguration' of type [org.springframework.transaction.annotation.ProxyTransactionManagementConfiguration$$EnhancerBySpringCGLIB$$dc2d38e1] is not eligible for getting processed by all BeanPostProcessors (for example: not eligible for auto-proxying)
The APR based Apache Tomcat Native library failed to load. The error reported was [D:\apache-tomcat-8.5.43\bin\tcnative-1.dll: Can't load AMD 64-bit .dll on a IA 32-bit platform]
java.lang.UnsatisfiedLinkError: D:\apache-tomcat-8.5.43\bin\tcnative-1.dll: Can't load AMD 64-bit .dll on a IA 32-bit platform
	at java.lang.ClassLoader$NativeLibrary.load(Native Method)
	at java.lang.ClassLoader.loadLibrary0(ClassLoader.java:1938)
	at java.lang.ClassLoader.loadLibrary(ClassLoader.java:1854)
	at java.lang.Runtime.loadLibrary0(Runtime.java:870)
	at java.lang.System.loadLibrary(System.java:1122)
	at org.apache.tomcat.jni.Library.<init>(Library.java:69)
	at org.apache.tomcat.jni.Library.initialize(Library.java:206)
	at org.apache.catalina.core.AprLifecycleListener.init(AprLifecycleListener.java:198)
	at org.apache.catalina.core.AprLifecycleListener.isAprAvailable(AprLifecycleListener.java:107)
	at org.springframework.boot.web.embedded.tomcat.TomcatServletWebServerFactory.getDefaultLifecycleListeners(TomcatServletWebServerFactory.java:159)
	at org.springframework.boot.web.embedded.tomcat.TomcatServletWebServerFactory.<init>(TomcatServletWebServerFactory.java:114)
	at org.springframework.boot.autoconfigure.web.servlet.ServletWebServerFactoryConfiguration$EmbeddedTomcat.tomcatServletWebServerFactory(ServletWebServerFactoryConfiguration.java:61)
	at org.springframework.boot.autoconfigure.web.servlet.ServletWebServerFactoryConfiguration$EmbeddedTomcat$$EnhancerBySpringCGLIB$$46afaacb.CGLIB$tomcatServletWebServerFactory$0(<generated>)
	at org.springframework.boot.autoconfigure.web.servlet.ServletWebServerFactoryConfiguration$EmbeddedTomcat$$EnhancerBySpringCGLIB$$46afaacb$$FastClassBySpringCGLIB$$b9f6a91a.invoke(<generated>)
	at org.springframework.cglib.proxy.MethodProxy.invokeSuper(MethodProxy.java:244)
	at org.springframework.context.annotation.ConfigurationClassEnhancer$BeanMethodInterceptor.intercept(ConfigurationClassEnhancer.java:363)
	at org.springframework.boot.autoconfigure.web.servlet.ServletWebServerFactoryConfiguration$EmbeddedTomcat$$EnhancerBySpringCGLIB$$46afaacb.tomcatServletWebServerFactory(<generated>)
	at sun.reflect.NativeMethodAccessorImpl.invoke0(Native Method)
	at sun.reflect.NativeMethodAccessorImpl.invoke(NativeMethodAccessorImpl.java:62)
	at sun.reflect.DelegatingMethodAccessorImpl.__invoke(DelegatingMethodAccessorImpl.java:43)
	at sun.reflect.DelegatingMethodAccessorImpl.invoke(DelegatingMethodAccessorImpl.java:45009)
	at sun.reflect.DelegatingMethodAccessorImpl.invoke(DelegatingMethodAccessorImpl.java:45012)
	at java.lang.reflect.Method.invoke(Method.java:497)
	at org.springframework.beans.factory.support.SimpleInstantiationStrategy.instantiate(SimpleInstantiationStrategy.java:154)
	at org.springframework.beans.factory.support.ConstructorResolver.instantiate(ConstructorResolver.java:622)
	at org.springframework.beans.factory.support.ConstructorResolver.instantiateUsingFactoryMethod(ConstructorResolver.java:456)
	at org.springframework.beans.factory.support.AbstractAutowireCapableBeanFactory.instantiateUsingFactoryMethod(AbstractAutowireCapableBeanFactory.java:1321)
	at org.springframework.beans.factory.support.AbstractAutowireCapableBeanFactory.createBeanInstance(AbstractAutowireCapableBeanFactory.java:1160)
	at org.springframework.beans.factory.support.AbstractAutowireCapableBeanFactory.doCreateBean(AbstractAutowireCapableBeanFactory.java:555)
	at org.springframework.beans.factory.support.AbstractAutowireCapableBeanFactory.createBean(AbstractAutowireCapableBeanFactory.java:515)
	at org.springframework.beans.factory.support.AbstractBeanFactory.lambda$doGetBean$0(AbstractBeanFactory.java:320)
	at org.springframework.beans.factory.support.DefaultSingletonBeanRegistry.getSingleton(DefaultSingletonBeanRegistry.java:222)
	at org.springframework.beans.factory.support.AbstractBeanFactory.doGetBean(AbstractBeanFactory.java:318)
	at org.springframework.beans.factory.support.AbstractBeanFactory.getBean(AbstractBeanFactory.java:204)
	at org.springframework.boot.web.servlet.context.ServletWebServerApplicationContext.getWebServerFactory(ServletWebServerApplicationContext.java:209)
	at org.springframework.boot.web.servlet.context.ServletWebServerApplicationContext.createWebServer(ServletWebServerApplicationContext.java:178)
	at org.springframework.boot.web.servlet.context.ServletWebServerApplicationContext.onRefresh(ServletWebServerApplicationContext.java:152)
	at org.springframework.context.support.AbstractApplicationContext.__refresh(AbstractApplicationContext.java:543)
	at org.springframework.context.support.AbstractApplicationContext.jrLockAndRefresh(AbstractApplicationContext.java:40002)
	at org.springframework.context.support.AbstractApplicationContext.refresh(AbstractApplicationContext.java:41008)
	at org.springframework.boot.web.servlet.context.ServletWebServerApplicationContext.refresh(ServletWebServerApplicationContext.java:140)
	at org.springframework.boot.SpringApplication.refresh(SpringApplication.java:742)
	at org.springframework.boot.SpringApplication.refreshContext(SpringApplication.java:389)
	at org.springframework.boot.SpringApplication.run(SpringApplication.java:311)
	at org.springframework.boot.SpringApplication.run(SpringApplication.java:1213)
	at org.springframework.boot.SpringApplication.run(SpringApplication.java:1202)
	at com.mmall.MmallApplication.main(MmallApplication.java:14)
Tomcat initialized with port(s): 8085 (http)
Initializing ProtocolHandler ["http-nio-8085"]
Starting service [Tomcat]
Starting Servlet engine: [Apache Tomcat/9.0.21]
Initializing Spring embedded WebApplicationContext
Root WebApplicationContext: initialization completed in 1975 ms
Initializing ExecutorService 'applicationTaskExecutor'
Starting ProtocolHandler ["http-nio-8085"]
Tomcat started on port(s): 8085 (http) with context path ''
Started MmallApplication in 4.512 seconds (JVM running for 8.014)
Initializing Spring DispatcherServlet 'dispatcherServlet'
Initializing Servlet 'dispatcherServlet'
Completed initialization in 10 ms
HikariPool-1 - Starting...
HikariPool-1 - Start completed.
开始连接ftp服务器
Starting MmallApplication on quantdo-PC with PID 14920 (E:\JAVA\mmall\target\classes started by quantdo in E:\JAVA\mmall)
The following profiles are active: dev
Multiple Spring Data modules found, entering strict repository configuration mode!
Bootstrapping Spring Data repositories in DEFAULT mode.
Finished Spring Data repository scanning in 20ms. Found 0 repository interfaces.
Bean 'org.springframework.transaction.annotation.ProxyTransactionManagementConfiguration' of type [org.springframework.transaction.annotation.ProxyTransactionManagementConfiguration$$EnhancerBySpringCGLIB$$9f67533a] is not eligible for getting processed by all BeanPostProcessors (for example: not eligible for auto-proxying)
The APR based Apache Tomcat Native library failed to load. The error reported was [D:\apache-tomcat-8.5.43\bin\tcnative-1.dll: Can't load AMD 64-bit .dll on a IA 32-bit platform]
java.lang.UnsatisfiedLinkError: D:\apache-tomcat-8.5.43\bin\tcnative-1.dll: Can't load AMD 64-bit .dll on a IA 32-bit platform
	at java.lang.ClassLoader$NativeLibrary.load(Native Method)
	at java.lang.ClassLoader.loadLibrary0(ClassLoader.java:1938)
	at java.lang.ClassLoader.loadLibrary(ClassLoader.java:1854)
	at java.lang.Runtime.loadLibrary0(Runtime.java:870)
	at java.lang.System.loadLibrary(System.java:1122)
	at org.apache.tomcat.jni.Library.<init>(Library.java:69)
	at org.apache.tomcat.jni.Library.initialize(Library.java:206)
	at org.apache.catalina.core.AprLifecycleListener.init(AprLifecycleListener.java:198)
	at org.apache.catalina.core.AprLifecycleListener.isAprAvailable(AprLifecycleListener.java:107)
	at org.springframework.boot.web.embedded.tomcat.TomcatServletWebServerFactory.getDefaultLifecycleListeners(TomcatServletWebServerFactory.java:159)
	at org.springframework.boot.web.embedded.tomcat.TomcatServletWebServerFactory.<init>(TomcatServletWebServerFactory.java:114)
	at org.springframework.boot.autoconfigure.web.servlet.ServletWebServerFactoryConfiguration$EmbeddedTomcat.tomcatServletWebServerFactory(ServletWebServerFactoryConfiguration.java:61)
	at org.springframework.boot.autoconfigure.web.servlet.ServletWebServerFactoryConfiguration$EmbeddedTomcat$$EnhancerBySpringCGLIB$$9e9c524.CGLIB$tomcatServletWebServerFactory$0(<generated>)
	at org.springframework.boot.autoconfigure.web.servlet.ServletWebServerFactoryConfiguration$EmbeddedTomcat$$EnhancerBySpringCGLIB$$9e9c524$$FastClassBySpringCGLIB$$3332996d.invoke(<generated>)
	at org.springframework.cglib.proxy.MethodProxy.invokeSuper(MethodProxy.java:244)
	at org.springframework.context.annotation.ConfigurationClassEnhancer$BeanMethodInterceptor.intercept(ConfigurationClassEnhancer.java:363)
	at org.springframework.boot.autoconfigure.web.servlet.ServletWebServerFactoryConfiguration$EmbeddedTomcat$$EnhancerBySpringCGLIB$$9e9c524.tomcatServletWebServerFactory(<generated>)
	at sun.reflect.NativeMethodAccessorImpl.invoke0(Native Method)
	at sun.reflect.NativeMethodAccessorImpl.invoke(NativeMethodAccessorImpl.java:62)
	at sun.reflect.DelegatingMethodAccessorImpl.invoke(DelegatingMethodAccessorImpl.java:43)
	at java.lang.reflect.Method.invoke(Method.java:497)
	at org.springframework.beans.factory.support.SimpleInstantiationStrategy.instantiate(SimpleInstantiationStrategy.java:154)
	at org.springframework.beans.factory.support.ConstructorResolver.instantiate(ConstructorResolver.java:622)
	at org.springframework.beans.factory.support.ConstructorResolver.instantiateUsingFactoryMethod(ConstructorResolver.java:456)
	at org.springframework.beans.factory.support.AbstractAutowireCapableBeanFactory.instantiateUsingFactoryMethod(AbstractAutowireCapableBeanFactory.java:1321)
	at org.springframework.beans.factory.support.AbstractAutowireCapableBeanFactory.createBeanInstance(AbstractAutowireCapableBeanFactory.java:1160)
	at org.springframework.beans.factory.support.AbstractAutowireCapableBeanFactory.doCreateBean(AbstractAutowireCapableBeanFactory.java:555)
	at org.springframework.beans.factory.support.AbstractAutowireCapableBeanFactory.createBean(AbstractAutowireCapableBeanFactory.java:515)
	at org.springframework.beans.factory.support.AbstractBeanFactory.lambda$doGetBean$0(AbstractBeanFactory.java:320)
	at org.springframework.beans.factory.support.DefaultSingletonBeanRegistry.getSingleton(DefaultSingletonBeanRegistry.java:222)
	at org.springframework.beans.factory.support.AbstractBeanFactory.doGetBean(AbstractBeanFactory.java:318)
	at org.springframework.beans.factory.support.AbstractBeanFactory.getBean(AbstractBeanFactory.java:204)
	at org.springframework.boot.web.servlet.context.ServletWebServerApplicationContext.getWebServerFactory(ServletWebServerApplicationContext.java:209)
	at org.springframework.boot.web.servlet.context.ServletWebServerApplicationContext.createWebServer(ServletWebServerApplicationContext.java:178)
	at org.springframework.boot.web.servlet.context.ServletWebServerApplicationContext.onRefresh(ServletWebServerApplicationContext.java:152)
	at org.springframework.context.support.AbstractApplicationContext.refresh(AbstractApplicationContext.java:543)
	at org.springframework.boot.web.servlet.context.ServletWebServerApplicationContext.refresh(ServletWebServerApplicationContext.java:140)
	at org.springframework.boot.SpringApplication.refresh(SpringApplication.java:742)
	at org.springframework.boot.SpringApplication.refreshContext(SpringApplication.java:389)
	at org.springframework.boot.SpringApplication.run(SpringApplication.java:311)
	at org.springframework.boot.SpringApplication.run(SpringApplication.java:1213)
	at org.springframework.boot.SpringApplication.run(SpringApplication.java:1202)
	at com.mmall.MmallApplication.main(MmallApplication.java:14)
Tomcat initialized with port(s): 8085 (http)
Initializing ProtocolHandler ["http-nio-8085"]
Starting service [Tomcat]
Starting Servlet engine: [Apache Tomcat/9.0.21]
Initializing Spring embedded WebApplicationContext
Root WebApplicationContext: initialization completed in 1281 ms
Initializing ExecutorService 'applicationTaskExecutor'
Starting ProtocolHandler ["http-nio-8085"]
Tomcat started on port(s): 8085 (http) with context path ''
Started MmallApplication in 2.968 seconds (JVM running for 3.563)
Initializing Spring DispatcherServlet 'dispatcherServlet'
Initializing Servlet 'dispatcherServlet'
Completed initialization in 7 ms
开始连接ftp服务器
Starting MmallApplication on quantdo-PC with PID 14120 (E:\JAVA\mmall\target\classes started by quantdo in E:\JAVA\mmall)
The following profiles are active: dev
Multiple Spring Data modules found, entering strict repository configuration mode!
Bootstrapping Spring Data repositories in DEFAULT mode.
Finished Spring Data repository scanning in 53ms. Found 0 repository interfaces.
Bean 'org.springframework.transaction.annotation.ProxyTransactionManagementConfiguration' of type [org.springframework.transaction.annotation.ProxyTransactionManagementConfiguration$$EnhancerBySpringCGLIB$$8c025a3a] is not eligible for getting processed by all BeanPostProcessors (for example: not eligible for auto-proxying)
The APR based Apache Tomcat Native library failed to load. The error reported was [D:\apache-tomcat-8.5.43\bin\tcnative-1.dll: Can't load AMD 64-bit .dll on a IA 32-bit platform]
java.lang.UnsatisfiedLinkError: D:\apache-tomcat-8.5.43\bin\tcnative-1.dll: Can't load AMD 64-bit .dll on a IA 32-bit platform
	at java.lang.ClassLoader$NativeLibrary.load(Native Method)
	at java.lang.ClassLoader.loadLibrary0(ClassLoader.java:1938)
	at java.lang.ClassLoader.loadLibrary(ClassLoader.java:1854)
	at java.lang.Runtime.loadLibrary0(Runtime.java:870)
	at java.lang.System.loadLibrary(System.java:1122)
	at org.apache.tomcat.jni.Library.<init>(Library.java:69)
	at org.apache.tomcat.jni.Library.initialize(Library.java:206)
	at org.apache.catalina.core.AprLifecycleListener.init(AprLifecycleListener.java:198)
	at org.apache.catalina.core.AprLifecycleListener.isAprAvailable(AprLifecycleListener.java:107)
	at org.springframework.boot.web.embedded.tomcat.TomcatServletWebServerFactory.getDefaultLifecycleListeners(TomcatServletWebServerFactory.java:159)
	at org.springframework.boot.web.embedded.tomcat.TomcatServletWebServerFactory.<init>(TomcatServletWebServerFactory.java:114)
	at org.springframework.boot.autoconfigure.web.servlet.ServletWebServerFactoryConfiguration$EmbeddedTomcat.tomcatServletWebServerFactory(ServletWebServerFactoryConfiguration.java:61)
	at org.springframework.boot.autoconfigure.web.servlet.ServletWebServerFactoryConfiguration$EmbeddedTomcat$$EnhancerBySpringCGLIB$$f684cc24.CGLIB$tomcatServletWebServerFactory$0(<generated>)
	at org.springframework.boot.autoconfigure.web.servlet.ServletWebServerFactoryConfiguration$EmbeddedTomcat$$EnhancerBySpringCGLIB$$f684cc24$$FastClassBySpringCGLIB$$bb3b0e22.invoke(<generated>)
	at org.springframework.cglib.proxy.MethodProxy.invokeSuper(MethodProxy.java:244)
	at org.springframework.context.annotation.ConfigurationClassEnhancer$BeanMethodInterceptor.intercept(ConfigurationClassEnhancer.java:363)
	at org.springframework.boot.autoconfigure.web.servlet.ServletWebServerFactoryConfiguration$EmbeddedTomcat$$EnhancerBySpringCGLIB$$f684cc24.tomcatServletWebServerFactory(<generated>)
	at sun.reflect.NativeMethodAccessorImpl.invoke0(Native Method)
	at sun.reflect.NativeMethodAccessorImpl.invoke(NativeMethodAccessorImpl.java:62)
	at sun.reflect.DelegatingMethodAccessorImpl.__invoke(DelegatingMethodAccessorImpl.java:43)
	at sun.reflect.DelegatingMethodAccessorImpl.invoke(DelegatingMethodAccessorImpl.java:45009)
	at sun.reflect.DelegatingMethodAccessorImpl.invoke(DelegatingMethodAccessorImpl.java:45012)
	at java.lang.reflect.Method.invoke(Method.java:497)
	at org.springframework.beans.factory.support.SimpleInstantiationStrategy.instantiate(SimpleInstantiationStrategy.java:154)
	at org.springframework.beans.factory.support.ConstructorResolver.instantiate(ConstructorResolver.java:622)
	at org.springframework.beans.factory.support.ConstructorResolver.instantiateUsingFactoryMethod(ConstructorResolver.java:456)
	at org.springframework.beans.factory.support.AbstractAutowireCapableBeanFactory.instantiateUsingFactoryMethod(AbstractAutowireCapableBeanFactory.java:1321)
	at org.springframework.beans.factory.support.AbstractAutowireCapableBeanFactory.createBeanInstance(AbstractAutowireCapableBeanFactory.java:1160)
	at org.springframework.beans.factory.support.AbstractAutowireCapableBeanFactory.doCreateBean(AbstractAutowireCapableBeanFactory.java:555)
	at org.springframework.beans.factory.support.AbstractAutowireCapableBeanFactory.createBean(AbstractAutowireCapableBeanFactory.java:515)
	at org.springframework.beans.factory.support.AbstractBeanFactory.lambda$doGetBean$0(AbstractBeanFactory.java:320)
	at org.springframework.beans.factory.support.DefaultSingletonBeanRegistry.getSingleton(DefaultSingletonBeanRegistry.java:222)
	at org.springframework.beans.factory.support.AbstractBeanFactory.doGetBean(AbstractBeanFactory.java:318)
	at org.springframework.beans.factory.support.AbstractBeanFactory.getBean(AbstractBeanFactory.java:204)
	at org.springframework.boot.web.servlet.context.ServletWebServerApplicationContext.getWebServerFactory(ServletWebServerApplicationContext.java:209)
	at org.springframework.boot.web.servlet.context.ServletWebServerApplicationContext.createWebServer(ServletWebServerApplicationContext.java:178)
	at org.springframework.boot.web.servlet.context.ServletWebServerApplicationContext.onRefresh(ServletWebServerApplicationContext.java:152)
	at org.springframework.context.support.AbstractApplicationContext.__refresh(AbstractApplicationContext.java:543)
	at org.springframework.context.support.AbstractApplicationContext.jrLockAndRefresh(AbstractApplicationContext.java:40002)
	at org.springframework.context.support.AbstractApplicationContext.refresh(AbstractApplicationContext.java:41008)
	at org.springframework.boot.web.servlet.context.ServletWebServerApplicationContext.refresh(ServletWebServerApplicationContext.java:140)
	at org.springframework.boot.SpringApplication.refresh(SpringApplication.java:742)
	at org.springframework.boot.SpringApplication.refreshContext(SpringApplication.java:389)
	at org.springframework.boot.SpringApplication.run(SpringApplication.java:311)
	at org.springframework.boot.SpringApplication.run(SpringApplication.java:1213)
	at org.springframework.boot.SpringApplication.run(SpringApplication.java:1202)
	at com.mmall.MmallApplication.main(MmallApplication.java:14)
Tomcat initialized with port(s): 8085 (http)
Initializing ProtocolHandler ["http-nio-8085"]
Starting service [Tomcat]
Starting Servlet engine: [Apache Tomcat/9.0.21]
Initializing Spring embedded WebApplicationContext
Root WebApplicationContext: initialization completed in 2643 ms
Initializing ExecutorService 'applicationTaskExecutor'
Starting ProtocolHandler ["http-nio-8085"]
Tomcat started on port(s): 8085 (http) with context path ''
Started MmallApplication in 6.265 seconds (JVM running for 11.684)
Initializing Spring DispatcherServlet 'dispatcherServlet'
Initializing Servlet 'dispatcherServlet'
Completed initialization in 15 ms
开始连接ftp服务器
Shutting down ExecutorService 'applicationTaskExecutor'
Starting MmallApplication on quantdo-PC with PID 10612 (E:\JAVA\mmall\target\classes started by quantdo in E:\JAVA\mmall)
The following profiles are active: dev
Multiple Spring Data modules found, entering strict repository configuration mode!
Bootstrapping Spring Data repositories in DEFAULT mode.
Finished Spring Data repository scanning in 42ms. Found 0 repository interfaces.
Bean 'org.springframework.transaction.annotation.ProxyTransactionManagementConfiguration' of type [org.springframework.transaction.annotation.ProxyTransactionManagementConfiguration$$EnhancerBySpringCGLIB$$ca2c074] is not eligible for getting processed by all BeanPostProcessors (for example: not eligible for auto-proxying)
The APR based Apache Tomcat Native library failed to load. The error reported was [D:\apache-tomcat-8.5.43\bin\tcnative-1.dll: Can't load AMD 64-bit .dll on a IA 32-bit platform]
java.lang.UnsatisfiedLinkError: D:\apache-tomcat-8.5.43\bin\tcnative-1.dll: Can't load AMD 64-bit .dll on a IA 32-bit platform
	at java.lang.ClassLoader$NativeLibrary.load(Native Method)
	at java.lang.ClassLoader.loadLibrary0(ClassLoader.java:1938)
	at java.lang.ClassLoader.loadLibrary(ClassLoader.java:1854)
	at java.lang.Runtime.loadLibrary0(Runtime.java:870)
	at java.lang.System.loadLibrary(System.java:1122)
	at org.apache.tomcat.jni.Library.<init>(Library.java:69)
	at org.apache.tomcat.jni.Library.initialize(Library.java:206)
	at org.apache.catalina.core.AprLifecycleListener.init(AprLifecycleListener.java:198)
	at org.apache.catalina.core.AprLifecycleListener.isAprAvailable(AprLifecycleListener.java:107)
	at org.springframework.boot.web.embedded.tomcat.TomcatServletWebServerFactory.getDefaultLifecycleListeners(TomcatServletWebServerFactory.java:159)
	at org.springframework.boot.web.embedded.tomcat.TomcatServletWebServerFactory.<init>(TomcatServletWebServerFactory.java:114)
	at org.springframework.boot.autoconfigure.web.servlet.ServletWebServerFactoryConfiguration$EmbeddedTomcat.tomcatServletWebServerFactory(ServletWebServerFactoryConfiguration.java:61)
	at org.springframework.boot.autoconfigure.web.servlet.ServletWebServerFactoryConfiguration$EmbeddedTomcat$$EnhancerBySpringCGLIB$$7725325e.CGLIB$tomcatServletWebServerFactory$0(<generated>)
	at org.springframework.boot.autoconfigure.web.servlet.ServletWebServerFactoryConfiguration$EmbeddedTomcat$$EnhancerBySpringCGLIB$$7725325e$$FastClassBySpringCGLIB$$d3848706.invoke(<generated>)
	at org.springframework.cglib.proxy.MethodProxy.invokeSuper(MethodProxy.java:244)
	at org.springframework.context.annotation.ConfigurationClassEnhancer$BeanMethodInterceptor.intercept(ConfigurationClassEnhancer.java:363)
	at org.springframework.boot.autoconfigure.web.servlet.ServletWebServerFactoryConfiguration$EmbeddedTomcat$$EnhancerBySpringCGLIB$$7725325e.tomcatServletWebServerFactory(<generated>)
	at sun.reflect.NativeMethodAccessorImpl.invoke0(Native Method)
	at sun.reflect.NativeMethodAccessorImpl.invoke(NativeMethodAccessorImpl.java:62)
	at sun.reflect.DelegatingMethodAccessorImpl.__invoke(DelegatingMethodAccessorImpl.java:43)
	at sun.reflect.DelegatingMethodAccessorImpl.invoke(DelegatingMethodAccessorImpl.java:45009)
	at sun.reflect.DelegatingMethodAccessorImpl.invoke(DelegatingMethodAccessorImpl.java:45012)
	at java.lang.reflect.Method.invoke(Method.java:497)
	at org.springframework.beans.factory.support.SimpleInstantiationStrategy.instantiate(SimpleInstantiationStrategy.java:154)
	at org.springframework.beans.factory.support.ConstructorResolver.instantiate(ConstructorResolver.java:622)
	at org.springframework.beans.factory.support.ConstructorResolver.instantiateUsingFactoryMethod(ConstructorResolver.java:456)
	at org.springframework.beans.factory.support.AbstractAutowireCapableBeanFactory.instantiateUsingFactoryMethod(AbstractAutowireCapableBeanFactory.java:1321)
	at org.springframework.beans.factory.support.AbstractAutowireCapableBeanFactory.createBeanInstance(AbstractAutowireCapableBeanFactory.java:1160)
	at org.springframework.beans.factory.support.AbstractAutowireCapableBeanFactory.doCreateBean(AbstractAutowireCapableBeanFactory.java:555)
	at org.springframework.beans.factory.support.AbstractAutowireCapableBeanFactory.createBean(AbstractAutowireCapableBeanFactory.java:515)
	at org.springframework.beans.factory.support.AbstractBeanFactory.lambda$doGetBean$0(AbstractBeanFactory.java:320)
	at org.springframework.beans.factory.support.DefaultSingletonBeanRegistry.getSingleton(DefaultSingletonBeanRegistry.java:222)
	at org.springframework.beans.factory.support.AbstractBeanFactory.doGetBean(AbstractBeanFactory.java:318)
	at org.springframework.beans.factory.support.AbstractBeanFactory.getBean(AbstractBeanFactory.java:204)
	at org.springframework.boot.web.servlet.context.ServletWebServerApplicationContext.getWebServerFactory(ServletWebServerApplicationContext.java:209)
	at org.springframework.boot.web.servlet.context.ServletWebServerApplicationContext.createWebServer(ServletWebServerApplicationContext.java:178)
	at org.springframework.boot.web.servlet.context.ServletWebServerApplicationContext.onRefresh(ServletWebServerApplicationContext.java:152)
	at org.springframework.context.support.AbstractApplicationContext.__refresh(AbstractApplicationContext.java:543)
	at org.springframework.context.support.AbstractApplicationContext.jrLockAndRefresh(AbstractApplicationContext.java:40002)
	at org.springframework.context.support.AbstractApplicationContext.refresh(AbstractApplicationContext.java:41008)
	at org.springframework.boot.web.servlet.context.ServletWebServerApplicationContext.refresh(ServletWebServerApplicationContext.java:140)
	at org.springframework.boot.SpringApplication.refresh(SpringApplication.java:742)
	at org.springframework.boot.SpringApplication.refreshContext(SpringApplication.java:389)
	at org.springframework.boot.SpringApplication.run(SpringApplication.java:311)
	at org.springframework.boot.SpringApplication.run(SpringApplication.java:1213)
	at org.springframework.boot.SpringApplication.run(SpringApplication.java:1202)
	at com.mmall.MmallApplication.main(MmallApplication.java:14)
Tomcat initialized with port(s): 8085 (http)
Initializing ProtocolHandler ["http-nio-8085"]
Starting service [Tomcat]
Starting Servlet engine: [Apache Tomcat/9.0.21]
Initializing Spring embedded WebApplicationContext
Root WebApplicationContext: initialization completed in 1945 ms
Initializing ExecutorService 'applicationTaskExecutor'
Starting ProtocolHandler ["http-nio-8085"]
Tomcat started on port(s): 8085 (http) with context path ''
Started MmallApplication in 4.596 seconds (JVM running for 8.221)
Initializing Spring DispatcherServlet 'dispatcherServlet'
Initializing Servlet 'dispatcherServlet'
Completed initialization in 9 ms
开始连接ftp服务器
Bootstrapping Spring Data repositories in DEFAULT mode.
Finished Spring Data repository scanning in 30ms. Found 0 repository interfaces.
No MyBatis mapper was found in '[com.mmall.mapper]' package. Please check your configuration.
开始连接ftp服务器
开始连接ftp服务器,结束上传,上传结果:{}
HikariPool-1 - Starting...
HikariPool-1 - Start completed.
Bootstrapping Spring Data repositories in DEFAULT mode.
Finished Spring Data repository scanning in 23ms. Found 0 repository interfaces.
No MyBatis mapper was found in '[com.mmall.mapper]' package. Please check your configuration.
开始连接ftp服务器
开始连接ftp服务器,结束上传,上传结果:{}
Bootstrapping Spring Data repositories in DEFAULT mode.
Finished Spring Data repository scanning in 25ms. Found 0 repository interfaces.
No MyBatis mapper was found in '[com.mmall.mapper]' package. Please check your configuration.
开始连接ftp服务器
开始连接ftp服务器,结束上传,上传结果:{}
Starting MmallApplication on quantdo-PC with PID 14700 (E:\JAVA\mmall\target\classes started by quantdo in E:\JAVA\mmall)
The following profiles are active: dev
Multiple Spring Data modules found, entering strict repository configuration mode!
Bootstrapping Spring Data repositories in DEFAULT mode.
Finished Spring Data repository scanning in 43ms. Found 0 repository interfaces.
Bean 'org.springframework.transaction.annotation.ProxyTransactionManagementConfiguration' of type [org.springframework.transaction.annotation.ProxyTransactionManagementConfiguration$$EnhancerBySpringCGLIB$$c05bcaa3] is not eligible for getting processed by all BeanPostProcessors (for example: not eligible for auto-proxying)
The APR based Apache Tomcat Native library failed to load. The error reported was [D:\apache-tomcat-8.5.43\bin\tcnative-1.dll: Can't load AMD 64-bit .dll on a IA 32-bit platform]
java.lang.UnsatisfiedLinkError: D:\apache-tomcat-8.5.43\bin\tcnative-1.dll: Can't load AMD 64-bit .dll on a IA 32-bit platform
	at java.lang.ClassLoader$NativeLibrary.load(Native Method)
	at java.lang.ClassLoader.loadLibrary0(ClassLoader.java:1938)
	at java.lang.ClassLoader.loadLibrary(ClassLoader.java:1854)
	at java.lang.Runtime.loadLibrary0(Runtime.java:870)
	at java.lang.System.loadLibrary(System.java:1122)
	at org.apache.tomcat.jni.Library.<init>(Library.java:69)
	at org.apache.tomcat.jni.Library.initialize(Library.java:206)
	at org.apache.catalina.core.AprLifecycleListener.init(AprLifecycleListener.java:198)
	at org.apache.catalina.core.AprLifecycleListener.isAprAvailable(AprLifecycleListener.java:107)
	at org.springframework.boot.web.embedded.tomcat.TomcatServletWebServerFactory.getDefaultLifecycleListeners(TomcatServletWebServerFactory.java:159)
	at org.springframework.boot.web.embedded.tomcat.TomcatServletWebServerFactory.<init>(TomcatServletWebServerFactory.java:114)
	at org.springframework.boot.autoconfigure.web.servlet.ServletWebServerFactoryConfiguration$EmbeddedTomcat.tomcatServletWebServerFactory(ServletWebServerFactoryConfiguration.java:61)
	at org.springframework.boot.autoconfigure.web.servlet.ServletWebServerFactoryConfiguration$EmbeddedTomcat$$EnhancerBySpringCGLIB$$2ade3c8d.CGLIB$tomcatServletWebServerFactory$0(<generated>)
	at org.springframework.boot.autoconfigure.web.servlet.ServletWebServerFactoryConfiguration$EmbeddedTomcat$$EnhancerBySpringCGLIB$$2ade3c8d$$FastClassBySpringCGLIB$$d1dbcee0.invoke(<generated>)
	at org.springframework.cglib.proxy.MethodProxy.invokeSuper(MethodProxy.java:244)
	at org.springframework.context.annotation.ConfigurationClassEnhancer$BeanMethodInterceptor.intercept(ConfigurationClassEnhancer.java:363)
	at org.springframework.boot.autoconfigure.web.servlet.ServletWebServerFactoryConfiguration$EmbeddedTomcat$$EnhancerBySpringCGLIB$$2ade3c8d.tomcatServletWebServerFactory(<generated>)
	at sun.reflect.NativeMethodAccessorImpl.invoke0(Native Method)
	at sun.reflect.NativeMethodAccessorImpl.invoke(NativeMethodAccessorImpl.java:62)
	at sun.reflect.DelegatingMethodAccessorImpl.__invoke(DelegatingMethodAccessorImpl.java:43)
	at sun.reflect.DelegatingMethodAccessorImpl.invoke(DelegatingMethodAccessorImpl.java:45009)
	at sun.reflect.DelegatingMethodAccessorImpl.invoke(DelegatingMethodAccessorImpl.java:45012)
	at java.lang.reflect.Method.invoke(Method.java:497)
	at org.springframework.beans.factory.support.SimpleInstantiationStrategy.instantiate(SimpleInstantiationStrategy.java:154)
	at org.springframework.beans.factory.support.ConstructorResolver.instantiate(ConstructorResolver.java:622)
	at org.springframework.beans.factory.support.ConstructorResolver.instantiateUsingFactoryMethod(ConstructorResolver.java:456)
	at org.springframework.beans.factory.support.AbstractAutowireCapableBeanFactory.instantiateUsingFactoryMethod(AbstractAutowireCapableBeanFactory.java:1321)
	at org.springframework.beans.factory.support.AbstractAutowireCapableBeanFactory.createBeanInstance(AbstractAutowireCapableBeanFactory.java:1160)
	at org.springframework.beans.factory.support.AbstractAutowireCapableBeanFactory.doCreateBean(AbstractAutowireCapableBeanFactory.java:555)
	at org.springframework.beans.factory.support.AbstractAutowireCapableBeanFactory.createBean(AbstractAutowireCapableBeanFactory.java:515)
	at org.springframework.beans.factory.support.AbstractBeanFactory.lambda$doGetBean$0(AbstractBeanFactory.java:320)
	at org.springframework.beans.factory.support.DefaultSingletonBeanRegistry.getSingleton(DefaultSingletonBeanRegistry.java:222)
	at org.springframework.beans.factory.support.AbstractBeanFactory.doGetBean(AbstractBeanFactory.java:318)
	at org.springframework.beans.factory.support.AbstractBeanFactory.getBean(AbstractBeanFactory.java:204)
	at org.springframework.boot.web.servlet.context.ServletWebServerApplicationContext.getWebServerFactory(ServletWebServerApplicationContext.java:209)
	at org.springframework.boot.web.servlet.context.ServletWebServerApplicationContext.createWebServer(ServletWebServerApplicationContext.java:178)
	at org.springframework.boot.web.servlet.context.ServletWebServerApplicationContext.onRefresh(ServletWebServerApplicationContext.java:152)
	at org.springframework.context.support.AbstractApplicationContext.__refresh(AbstractApplicationContext.java:543)
	at org.springframework.context.support.AbstractApplicationContext.jrLockAndRefresh(AbstractApplicationContext.java:40002)
	at org.springframework.context.support.AbstractApplicationContext.refresh(AbstractApplicationContext.java:41008)
	at org.springframework.boot.web.servlet.context.ServletWebServerApplicationContext.refresh(ServletWebServerApplicationContext.java:140)
	at org.springframework.boot.SpringApplication.refresh(SpringApplication.java:742)
	at org.springframework.boot.SpringApplication.refreshContext(SpringApplication.java:389)
	at org.springframework.boot.SpringApplication.run(SpringApplication.java:311)
	at org.springframework.boot.SpringApplication.run(SpringApplication.java:1213)
	at org.springframework.boot.SpringApplication.run(SpringApplication.java:1202)
	at com.mmall.MmallApplication.main(MmallApplication.java:14)
Tomcat initialized with port(s): 8085 (http)
Initializing ProtocolHandler ["http-nio-8085"]
Starting service [Tomcat]
Starting Servlet engine: [Apache Tomcat/9.0.21]
Initializing Spring embedded WebApplicationContext
Root WebApplicationContext: initialization completed in 2427 ms
Initializing ExecutorService 'applicationTaskExecutor'
Starting ProtocolHandler ["http-nio-8085"]
Tomcat started on port(s): 8085 (http) with context path ''
Started MmallApplication in 5.575 seconds (JVM running for 9.518)
Initializing Spring DispatcherServlet 'dispatcherServlet'
Initializing Servlet 'dispatcherServlet'
Completed initialization in 12 ms
开始连接ftp服务器
开始连接ftp服务器,结束上传,上传结果:{}
HikariPool-1 - Starting...
HikariPool-1 - Start completed.
开始连接ftp服务器
开始连接ftp服务器,结束上传,上传结果:{}
HikariPool-1 - Thread starvation or clock leap detected (housekeeper delta=1h34m38s478ms95µs741ns).
Shutting down ExecutorService 'applicationTaskExecutor'
HikariPool-1 - Shutdown initiated...
HikariPool-1 - Shutdown completed.
Starting MmallApplication on quantdo-PC with PID 7840 (E:\JAVA\mmall\target\classes started by quantdo in E:\JAVA\mmall)
The following profiles are active: dev
Multiple Spring Data modules found, entering strict repository configuration mode!
Bootstrapping Spring Data repositories in DEFAULT mode.
Finished Spring Data repository scanning in 44ms. Found 0 repository interfaces.
Bean 'org.springframework.transaction.annotation.ProxyTransactionManagementConfiguration' of type [org.springframework.transaction.annotation.ProxyTransactionManagementConfiguration$$EnhancerBySpringCGLIB$$d98bab19] is not eligible for getting processed by all BeanPostProcessors (for example: not eligible for auto-proxying)
The APR based Apache Tomcat Native library failed to load. The error reported was [D:\apache-tomcat-8.5.43\bin\tcnative-1.dll: Can't load AMD 64-bit .dll on a IA 32-bit platform]
java.lang.UnsatisfiedLinkError: D:\apache-tomcat-8.5.43\bin\tcnative-1.dll: Can't load AMD 64-bit .dll on a IA 32-bit platform
	at java.lang.ClassLoader$NativeLibrary.load(Native Method)
	at java.lang.ClassLoader.loadLibrary0(ClassLoader.java:1938)
	at java.lang.ClassLoader.loadLibrary(ClassLoader.java:1854)
	at java.lang.Runtime.loadLibrary0(Runtime.java:870)
	at java.lang.System.loadLibrary(System.java:1122)
	at org.apache.tomcat.jni.Library.<init>(Library.java:69)
	at org.apache.tomcat.jni.Library.initialize(Library.java:206)
	at org.apache.catalina.core.AprLifecycleListener.init(AprLifecycleListener.java:198)
	at org.apache.catalina.core.AprLifecycleListener.isAprAvailable(AprLifecycleListener.java:107)
	at org.springframework.boot.web.embedded.tomcat.TomcatServletWebServerFactory.getDefaultLifecycleListeners(TomcatServletWebServerFactory.java:159)
	at org.springframework.boot.web.embedded.tomcat.TomcatServletWebServerFactory.<init>(TomcatServletWebServerFactory.java:114)
	at org.springframework.boot.autoconfigure.web.servlet.ServletWebServerFactoryConfiguration$EmbeddedTomcat.tomcatServletWebServerFactory(ServletWebServerFactoryConfiguration.java:61)
	at org.springframework.boot.autoconfigure.web.servlet.ServletWebServerFactoryConfiguration$EmbeddedTomcat$$EnhancerBySpringCGLIB$$440e1d03.CGLIB$tomcatServletWebServerFactory$0(<generated>)
	at org.springframework.boot.autoconfigure.web.servlet.ServletWebServerFactoryConfiguration$EmbeddedTomcat$$EnhancerBySpringCGLIB$$440e1d03$$FastClassBySpringCGLIB$$fc68d7bf.invoke(<generated>)
	at org.springframework.cglib.proxy.MethodProxy.invokeSuper(MethodProxy.java:244)
	at org.springframework.context.annotation.ConfigurationClassEnhancer$BeanMethodInterceptor.intercept(ConfigurationClassEnhancer.java:363)
	at org.springframework.boot.autoconfigure.web.servlet.ServletWebServerFactoryConfiguration$EmbeddedTomcat$$EnhancerBySpringCGLIB$$440e1d03.tomcatServletWebServerFactory(<generated>)
	at sun.reflect.NativeMethodAccessorImpl.invoke0(Native Method)
	at sun.reflect.NativeMethodAccessorImpl.invoke(NativeMethodAccessorImpl.java:62)
	at sun.reflect.DelegatingMethodAccessorImpl.__invoke(DelegatingMethodAccessorImpl.java:43)
	at sun.reflect.DelegatingMethodAccessorImpl.invoke(DelegatingMethodAccessorImpl.java:45009)
	at sun.reflect.DelegatingMethodAccessorImpl.invoke(DelegatingMethodAccessorImpl.java:45012)
	at java.lang.reflect.Method.invoke(Method.java:497)
	at org.springframework.beans.factory.support.SimpleInstantiationStrategy.instantiate(SimpleInstantiationStrategy.java:154)
	at org.springframework.beans.factory.support.ConstructorResolver.instantiate(ConstructorResolver.java:622)
	at org.springframework.beans.factory.support.ConstructorResolver.instantiateUsingFactoryMethod(ConstructorResolver.java:456)
	at org.springframework.beans.factory.support.AbstractAutowireCapableBeanFactory.instantiateUsingFactoryMethod(AbstractAutowireCapableBeanFactory.java:1321)
	at org.springframework.beans.factory.support.AbstractAutowireCapableBeanFactory.createBeanInstance(AbstractAutowireCapableBeanFactory.java:1160)
	at org.springframework.beans.factory.support.AbstractAutowireCapableBeanFactory.doCreateBean(AbstractAutowireCapableBeanFactory.java:555)
	at org.springframework.beans.factory.support.AbstractAutowireCapableBeanFactory.createBean(AbstractAutowireCapableBeanFactory.java:515)
	at org.springframework.beans.factory.support.AbstractBeanFactory.lambda$doGetBean$0(AbstractBeanFactory.java:320)
	at org.springframework.beans.factory.support.DefaultSingletonBeanRegistry.getSingleton(DefaultSingletonBeanRegistry.java:222)
	at org.springframework.beans.factory.support.AbstractBeanFactory.doGetBean(AbstractBeanFactory.java:318)
	at org.springframework.beans.factory.support.AbstractBeanFactory.getBean(AbstractBeanFactory.java:204)
	at org.springframework.boot.web.servlet.context.ServletWebServerApplicationContext.getWebServerFactory(ServletWebServerApplicationContext.java:209)
	at org.springframework.boot.web.servlet.context.ServletWebServerApplicationContext.createWebServer(ServletWebServerApplicationContext.java:178)
	at org.springframework.boot.web.servlet.context.ServletWebServerApplicationContext.onRefresh(ServletWebServerApplicationContext.java:152)
	at org.springframework.context.support.AbstractApplicationContext.__refresh(AbstractApplicationContext.java:543)
	at org.springframework.context.support.AbstractApplicationContext.jrLockAndRefresh(AbstractApplicationContext.java:40002)
	at org.springframework.context.support.AbstractApplicationContext.refresh(AbstractApplicationContext.java:41008)
	at org.springframework.boot.web.servlet.context.ServletWebServerApplicationContext.refresh(ServletWebServerApplicationContext.java:140)
	at org.springframework.boot.SpringApplication.refresh(SpringApplication.java:742)
	at org.springframework.boot.SpringApplication.refreshContext(SpringApplication.java:389)
	at org.springframework.boot.SpringApplication.run(SpringApplication.java:311)
	at org.springframework.boot.SpringApplication.run(SpringApplication.java:1213)
	at org.springframework.boot.SpringApplication.run(SpringApplication.java:1202)
	at com.mmall.MmallApplication.main(MmallApplication.java:14)
Tomcat initialized with port(s): 8085 (http)
Initializing ProtocolHandler ["http-nio-8085"]
Starting service [Tomcat]
Starting Servlet engine: [Apache Tomcat/9.0.21]
Initializing Spring embedded WebApplicationContext
Root WebApplicationContext: initialization completed in 1922 ms
Initializing ExecutorService 'applicationTaskExecutor'
Starting ProtocolHandler ["http-nio-8085"]
Tomcat started on port(s): 8085 (http) with context path ''
Started MmallApplication in 4.452 seconds (JVM running for 7.901)
Initializing Spring DispatcherServlet 'dispatcherServlet'
Initializing Servlet 'dispatcherServlet'
Completed initialization in 9 ms
HikariPool-1 - Starting...
HikariPool-1 - Start completed.
开始连接ftp服务器
开始连接ftp服务器,结束上传,上传结果:{}
开始连接ftp服务器
开始连接ftp服务器,结束上传,上传结果:{}
开始连接ftp服务器
fileName=ftp://127.0.0.1/img/9576aa28-a8a1-4d9a-a56d-609c5d6e2c32.jps
删除结果=false
Starting MmallApplication on quantdo-PC with PID 11128 (E:\JAVA\mmall\target\classes started by quantdo in E:\JAVA\mmall)
The following profiles are active: dev
Multiple Spring Data modules found, entering strict repository configuration mode!
Bootstrapping Spring Data repositories in DEFAULT mode.
Finished Spring Data repository scanning in 44ms. Found 0 repository interfaces.
Bean 'org.springframework.transaction.annotation.ProxyTransactionManagementConfiguration' of type [org.springframework.transaction.annotation.ProxyTransactionManagementConfiguration$$EnhancerBySpringCGLIB$$1a1e2849] is not eligible for getting processed by all BeanPostProcessors (for example: not eligible for auto-proxying)
The APR based Apache Tomcat Native library failed to load. The error reported was [D:\apache-tomcat-8.5.43\bin\tcnative-1.dll: Can't load AMD 64-bit .dll on a IA 32-bit platform]
java.lang.UnsatisfiedLinkError: D:\apache-tomcat-8.5.43\bin\tcnative-1.dll: Can't load AMD 64-bit .dll on a IA 32-bit platform
	at java.lang.ClassLoader$NativeLibrary.load(Native Method)
	at java.lang.ClassLoader.loadLibrary0(ClassLoader.java:1938)
	at java.lang.ClassLoader.loadLibrary(ClassLoader.java:1854)
	at java.lang.Runtime.loadLibrary0(Runtime.java:870)
	at java.lang.System.loadLibrary(System.java:1122)
	at org.apache.tomcat.jni.Library.<init>(Library.java:69)
	at org.apache.tomcat.jni.Library.initialize(Library.java:206)
	at org.apache.catalina.core.AprLifecycleListener.init(AprLifecycleListener.java:198)
	at org.apache.catalina.core.AprLifecycleListener.isAprAvailable(AprLifecycleListener.java:107)
	at org.springframework.boot.web.embedded.tomcat.TomcatServletWebServerFactory.getDefaultLifecycleListeners(TomcatServletWebServerFactory.java:159)
	at org.springframework.boot.web.embedded.tomcat.TomcatServletWebServerFactory.<init>(TomcatServletWebServerFactory.java:114)
	at org.springframework.boot.autoconfigure.web.servlet.ServletWebServerFactoryConfiguration$EmbeddedTomcat.tomcatServletWebServerFactory(ServletWebServerFactoryConfiguration.java:61)
	at org.springframework.boot.autoconfigure.web.servlet.ServletWebServerFactoryConfiguration$EmbeddedTomcat$$EnhancerBySpringCGLIB$$84a09a33.CGLIB$tomcatServletWebServerFactory$0(<generated>)
	at org.springframework.boot.autoconfigure.web.servlet.ServletWebServerFactoryConfiguration$EmbeddedTomcat$$EnhancerBySpringCGLIB$$84a09a33$$FastClassBySpringCGLIB$$eca3bc07.invoke(<generated>)
	at org.springframework.cglib.proxy.MethodProxy.invokeSuper(MethodProxy.java:244)
	at org.springframework.context.annotation.ConfigurationClassEnhancer$BeanMethodInterceptor.intercept(ConfigurationClassEnhancer.java:363)
	at org.springframework.boot.autoconfigure.web.servlet.ServletWebServerFactoryConfiguration$EmbeddedTomcat$$EnhancerBySpringCGLIB$$84a09a33.tomcatServletWebServerFactory(<generated>)
	at sun.reflect.NativeMethodAccessorImpl.invoke0(Native Method)
	at sun.reflect.NativeMethodAccessorImpl.invoke(NativeMethodAccessorImpl.java:62)
	at sun.reflect.DelegatingMethodAccessorImpl.__invoke(DelegatingMethodAccessorImpl.java:43)
	at sun.reflect.DelegatingMethodAccessorImpl.invoke(DelegatingMethodAccessorImpl.java:45009)
	at sun.reflect.DelegatingMethodAccessorImpl.invoke(DelegatingMethodAccessorImpl.java:45012)
	at java.lang.reflect.Method.invoke(Method.java:497)
	at org.springframework.beans.factory.support.SimpleInstantiationStrategy.instantiate(SimpleInstantiationStrategy.java:154)
	at org.springframework.beans.factory.support.ConstructorResolver.instantiate(ConstructorResolver.java:622)
	at org.springframework.beans.factory.support.ConstructorResolver.instantiateUsingFactoryMethod(ConstructorResolver.java:456)
	at org.springframework.beans.factory.support.AbstractAutowireCapableBeanFactory.instantiateUsingFactoryMethod(AbstractAutowireCapableBeanFactory.java:1321)
	at org.springframework.beans.factory.support.AbstractAutowireCapableBeanFactory.createBeanInstance(AbstractAutowireCapableBeanFactory.java:1160)
	at org.springframework.beans.factory.support.AbstractAutowireCapableBeanFactory.doCreateBean(AbstractAutowireCapableBeanFactory.java:555)
	at org.springframework.beans.factory.support.AbstractAutowireCapableBeanFactory.createBean(AbstractAutowireCapableBeanFactory.java:515)
	at org.springframework.beans.factory.support.AbstractBeanFactory.lambda$doGetBean$0(AbstractBeanFactory.java:320)
	at org.springframework.beans.factory.support.DefaultSingletonBeanRegistry.getSingleton(DefaultSingletonBeanRegistry.java:222)
	at org.springframework.beans.factory.support.AbstractBeanFactory.doGetBean(AbstractBeanFactory.java:318)
	at org.springframework.beans.factory.support.AbstractBeanFactory.getBean(AbstractBeanFactory.java:204)
	at org.springframework.boot.web.servlet.context.ServletWebServerApplicationContext.getWebServerFactory(ServletWebServerApplicationContext.java:209)
	at org.springframework.boot.web.servlet.context.ServletWebServerApplicationContext.createWebServer(ServletWebServerApplicationContext.java:178)
	at org.springframework.boot.web.servlet.context.ServletWebServerApplicationContext.onRefresh(ServletWebServerApplicationContext.java:152)
	at org.springframework.context.support.AbstractApplicationContext.__refresh(AbstractApplicationContext.java:543)
	at org.springframework.context.support.AbstractApplicationContext.jrLockAndRefresh(AbstractApplicationContext.java:40002)
	at org.springframework.context.support.AbstractApplicationContext.refresh(AbstractApplicationContext.java:41008)
	at org.springframework.boot.web.servlet.context.ServletWebServerApplicationContext.refresh(ServletWebServerApplicationContext.java:140)
	at org.springframework.boot.SpringApplication.refresh(SpringApplication.java:742)
	at org.springframework.boot.SpringApplication.refreshContext(SpringApplication.java:389)
	at org.springframework.boot.SpringApplication.run(SpringApplication.java:311)
	at org.springframework.boot.SpringApplication.run(SpringApplication.java:1213)
	at org.springframework.boot.SpringApplication.run(SpringApplication.java:1202)
	at com.mmall.MmallApplication.main(MmallApplication.java:14)
Tomcat initialized with port(s): 8085 (http)
Initializing ProtocolHandler ["http-nio-8085"]
Starting service [Tomcat]
Starting Servlet engine: [Apache Tomcat/9.0.21]
Initializing Spring embedded WebApplicationContext
Root WebApplicationContext: initialization completed in 1976 ms
Initializing ExecutorService 'applicationTaskExecutor'
Starting ProtocolHandler ["http-nio-8085"]
Tomcat started on port(s): 8085 (http) with context path ''
Started MmallApplication in 4.451 seconds (JVM running for 7.994)
No MyBatis mapper was found in '[com.mmall.mapper]' package. Please check your configuration.
Bootstrapping Spring Data repositories in DEFAULT mode.
Finished Spring Data repository scanning in 27ms. Found 0 repository interfaces.
Initializing Spring DispatcherServlet 'dispatcherServlet'
Initializing Servlet 'dispatcherServlet'
Completed initialization in 18 ms
HikariPool-1 - Starting...
HikariPool-1 - Start completed.
Starting MmallApplication on quantdo-PC with PID 5448 (E:\JAVA\mmall\target\classes started by quantdo in E:\JAVA\mmall)
The following profiles are active: dev
Multiple Spring Data modules found, entering strict repository configuration mode!
Bootstrapping Spring Data repositories in DEFAULT mode.
Finished Spring Data repository scanning in 41ms. Found 0 repository interfaces.
Bean 'org.springframework.transaction.annotation.ProxyTransactionManagementConfiguration' of type [org.springframework.transaction.annotation.ProxyTransactionManagementConfiguration$$EnhancerBySpringCGLIB$$7199b15c] is not eligible for getting processed by all BeanPostProcessors (for example: not eligible for auto-proxying)
The APR based Apache Tomcat Native library failed to load. The error reported was [D:\apache-tomcat-8.5.43\bin\tcnative-1.dll: Can't load AMD 64-bit .dll on a IA 32-bit platform]
java.lang.UnsatisfiedLinkError: D:\apache-tomcat-8.5.43\bin\tcnative-1.dll: Can't load AMD 64-bit .dll on a IA 32-bit platform
	at java.lang.ClassLoader$NativeLibrary.load(Native Method)
	at java.lang.ClassLoader.loadLibrary0(ClassLoader.java:1938)
	at java.lang.ClassLoader.loadLibrary(ClassLoader.java:1854)
	at java.lang.Runtime.loadLibrary0(Runtime.java:870)
	at java.lang.System.loadLibrary(System.java:1122)
	at org.apache.tomcat.jni.Library.<init>(Library.java:69)
	at org.apache.tomcat.jni.Library.initialize(Library.java:206)
	at org.apache.catalina.core.AprLifecycleListener.init(AprLifecycleListener.java:198)
	at org.apache.catalina.core.AprLifecycleListener.isAprAvailable(AprLifecycleListener.java:107)
	at org.springframework.boot.web.embedded.tomcat.TomcatServletWebServerFactory.getDefaultLifecycleListeners(TomcatServletWebServerFactory.java:159)
	at org.springframework.boot.web.embedded.tomcat.TomcatServletWebServerFactory.<init>(TomcatServletWebServerFactory.java:114)
	at org.springframework.boot.autoconfigure.web.servlet.ServletWebServerFactoryConfiguration$EmbeddedTomcat.tomcatServletWebServerFactory(ServletWebServerFactoryConfiguration.java:61)
	at org.springframework.boot.autoconfigure.web.servlet.ServletWebServerFactoryConfiguration$EmbeddedTomcat$$EnhancerBySpringCGLIB$$dc1c2346.CGLIB$tomcatServletWebServerFactory$0(<generated>)
	at org.springframework.boot.autoconfigure.web.servlet.ServletWebServerFactoryConfiguration$EmbeddedTomcat$$EnhancerBySpringCGLIB$$dc1c2346$$FastClassBySpringCGLIB$$2e7e8908.invoke(<generated>)
	at org.springframework.cglib.proxy.MethodProxy.invokeSuper(MethodProxy.java:244)
	at org.springframework.context.annotation.ConfigurationClassEnhancer$BeanMethodInterceptor.intercept(ConfigurationClassEnhancer.java:363)
	at org.springframework.boot.autoconfigure.web.servlet.ServletWebServerFactoryConfiguration$EmbeddedTomcat$$EnhancerBySpringCGLIB$$dc1c2346.tomcatServletWebServerFactory(<generated>)
	at sun.reflect.NativeMethodAccessorImpl.invoke0(Native Method)
	at sun.reflect.NativeMethodAccessorImpl.invoke(NativeMethodAccessorImpl.java:62)
	at sun.reflect.DelegatingMethodAccessorImpl.__invoke(DelegatingMethodAccessorImpl.java:43)
	at sun.reflect.DelegatingMethodAccessorImpl.invoke(DelegatingMethodAccessorImpl.java:45009)
	at sun.reflect.DelegatingMethodAccessorImpl.invoke(DelegatingMethodAccessorImpl.java:45012)
	at java.lang.reflect.Method.invoke(Method.java:497)
	at org.springframework.beans.factory.support.SimpleInstantiationStrategy.instantiate(SimpleInstantiationStrategy.java:154)
	at org.springframework.beans.factory.support.ConstructorResolver.instantiate(ConstructorResolver.java:622)
	at org.springframework.beans.factory.support.ConstructorResolver.instantiateUsingFactoryMethod(ConstructorResolver.java:456)
	at org.springframework.beans.factory.support.AbstractAutowireCapableBeanFactory.instantiateUsingFactoryMethod(AbstractAutowireCapableBeanFactory.java:1321)
	at org.springframework.beans.factory.support.AbstractAutowireCapableBeanFactory.createBeanInstance(AbstractAutowireCapableBeanFactory.java:1160)
	at org.springframework.beans.factory.support.AbstractAutowireCapableBeanFactory.doCreateBean(AbstractAutowireCapableBeanFactory.java:555)
	at org.springframework.beans.factory.support.AbstractAutowireCapableBeanFactory.createBean(AbstractAutowireCapableBeanFactory.java:515)
	at org.springframework.beans.factory.support.AbstractBeanFactory.lambda$doGetBean$0(AbstractBeanFactory.java:320)
	at org.springframework.beans.factory.support.DefaultSingletonBeanRegistry.getSingleton(DefaultSingletonBeanRegistry.java:222)
	at org.springframework.beans.factory.support.AbstractBeanFactory.doGetBean(AbstractBeanFactory.java:318)
	at org.springframework.beans.factory.support.AbstractBeanFactory.getBean(AbstractBeanFactory.java:204)
	at org.springframework.boot.web.servlet.context.ServletWebServerApplicationContext.getWebServerFactory(ServletWebServerApplicationContext.java:209)
	at org.springframework.boot.web.servlet.context.ServletWebServerApplicationContext.createWebServer(ServletWebServerApplicationContext.java:178)
	at org.springframework.boot.web.servlet.context.ServletWebServerApplicationContext.onRefresh(ServletWebServerApplicationContext.java:152)
	at org.springframework.context.support.AbstractApplicationContext.__refresh(AbstractApplicationContext.java:543)
	at org.springframework.context.support.AbstractApplicationContext.jrLockAndRefresh(AbstractApplicationContext.java:40002)
	at org.springframework.context.support.AbstractApplicationContext.refresh(AbstractApplicationContext.java:41008)
	at org.springframework.boot.web.servlet.context.ServletWebServerApplicationContext.refresh(ServletWebServerApplicationContext.java:140)
	at org.springframework.boot.SpringApplication.refresh(SpringApplication.java:742)
	at org.springframework.boot.SpringApplication.refreshContext(SpringApplication.java:389)
	at org.springframework.boot.SpringApplication.run(SpringApplication.java:311)
	at org.springframework.boot.SpringApplication.run(SpringApplication.java:1213)
	at org.springframework.boot.SpringApplication.run(SpringApplication.java:1202)
	at com.mmall.MmallApplication.main(MmallApplication.java:14)
Tomcat initialized with port(s): 8085 (http)
Initializing ProtocolHandler ["http-nio-8085"]
Starting service [Tomcat]
Starting Servlet engine: [Apache Tomcat/9.0.21]
Initializing Spring embedded WebApplicationContext
Root WebApplicationContext: initialization completed in 2504 ms
Initializing ExecutorService 'applicationTaskExecutor'
Starting ProtocolHandler ["http-nio-8085"]
Tomcat started on port(s): 8085 (http) with context path ''
Started MmallApplication in 5.619 seconds (JVM running for 9.388)
Initializing Spring DispatcherServlet 'dispatcherServlet'
Initializing Servlet 'dispatcherServlet'
Completed initialization in 9 ms
HikariPool-1 - Starting...
HikariPool-1 - Start completed.
No MyBatis mapper was found in '[com.mmall.mapper]' package. Please check your configuration.
Bootstrapping Spring Data repositories in DEFAULT mode.
Finished Spring Data repository scanning in 22ms. Found 0 repository interfaces.
Shutting down ExecutorService 'applicationTaskExecutor'
HikariPool-1 - Shutdown initiated...
HikariPool-1 - Shutdown completed.
Starting MmallApplication on quantdo-PC with PID 14364 (E:\JAVA\mmall\target\classes started by quantdo in E:\JAVA\mmall)
The following profiles are active: dev
Multiple Spring Data modules found, entering strict repository configuration mode!
Bootstrapping Spring Data repositories in DEFAULT mode.
Finished Spring Data repository scanning in 56ms. Found 0 repository interfaces.
Bean 'org.springframework.transaction.annotation.ProxyTransactionManagementConfiguration' of type [org.springframework.transaction.annotation.ProxyTransactionManagementConfiguration$$EnhancerBySpringCGLIB$$9e526fc3] is not eligible for getting processed by all BeanPostProcessors (for example: not eligible for auto-proxying)
The APR based Apache Tomcat Native library failed to load. The error reported was [D:\apache-tomcat-8.5.43\bin\tcnative-1.dll: Can't load AMD 64-bit .dll on a IA 32-bit platform]
java.lang.UnsatisfiedLinkError: D:\apache-tomcat-8.5.43\bin\tcnative-1.dll: Can't load AMD 64-bit .dll on a IA 32-bit platform
	at java.lang.ClassLoader$NativeLibrary.load(Native Method)
	at java.lang.ClassLoader.loadLibrary0(ClassLoader.java:1938)
	at java.lang.ClassLoader.loadLibrary(ClassLoader.java:1854)
	at java.lang.Runtime.loadLibrary0(Runtime.java:870)
	at java.lang.System.loadLibrary(System.java:1122)
	at org.apache.tomcat.jni.Library.<init>(Library.java:69)
	at org.apache.tomcat.jni.Library.initialize(Library.java:206)
	at org.apache.catalina.core.AprLifecycleListener.init(AprLifecycleListener.java:198)
	at org.apache.catalina.core.AprLifecycleListener.isAprAvailable(AprLifecycleListener.java:107)
	at org.springframework.boot.web.embedded.tomcat.TomcatServletWebServerFactory.getDefaultLifecycleListeners(TomcatServletWebServerFactory.java:159)
	at org.springframework.boot.web.embedded.tomcat.TomcatServletWebServerFactory.<init>(TomcatServletWebServerFactory.java:114)
	at org.springframework.boot.autoconfigure.web.servlet.ServletWebServerFactoryConfiguration$EmbeddedTomcat.tomcatServletWebServerFactory(ServletWebServerFactoryConfiguration.java:61)
	at org.springframework.boot.autoconfigure.web.servlet.ServletWebServerFactoryConfiguration$EmbeddedTomcat$$EnhancerBySpringCGLIB$$8d4e1ad.CGLIB$tomcatServletWebServerFactory$0(<generated>)
	at org.springframework.boot.autoconfigure.web.servlet.ServletWebServerFactoryConfiguration$EmbeddedTomcat$$EnhancerBySpringCGLIB$$8d4e1ad$$FastClassBySpringCGLIB$$fc51efa3.invoke(<generated>)
	at org.springframework.cglib.proxy.MethodProxy.invokeSuper(MethodProxy.java:244)
	at org.springframework.context.annotation.ConfigurationClassEnhancer$BeanMethodInterceptor.intercept(ConfigurationClassEnhancer.java:363)
	at org.springframework.boot.autoconfigure.web.servlet.ServletWebServerFactoryConfiguration$EmbeddedTomcat$$EnhancerBySpringCGLIB$$8d4e1ad.tomcatServletWebServerFactory(<generated>)
	at sun.reflect.NativeMethodAccessorImpl.invoke0(Native Method)
	at sun.reflect.NativeMethodAccessorImpl.invoke(NativeMethodAccessorImpl.java:62)
	at sun.reflect.DelegatingMethodAccessorImpl.__invoke(DelegatingMethodAccessorImpl.java:43)
	at sun.reflect.DelegatingMethodAccessorImpl.invoke(DelegatingMethodAccessorImpl.java:45009)
	at sun.reflect.DelegatingMethodAccessorImpl.invoke(DelegatingMethodAccessorImpl.java:45012)
	at java.lang.reflect.Method.invoke(Method.java:497)
	at org.springframework.beans.factory.support.SimpleInstantiationStrategy.instantiate(SimpleInstantiationStrategy.java:154)
	at org.springframework.beans.factory.support.ConstructorResolver.instantiate(ConstructorResolver.java:622)
	at org.springframework.beans.factory.support.ConstructorResolver.instantiateUsingFactoryMethod(ConstructorResolver.java:456)
	at org.springframework.beans.factory.support.AbstractAutowireCapableBeanFactory.instantiateUsingFactoryMethod(AbstractAutowireCapableBeanFactory.java:1321)
	at org.springframework.beans.factory.support.AbstractAutowireCapableBeanFactory.createBeanInstance(AbstractAutowireCapableBeanFactory.java:1160)
	at org.springframework.beans.factory.support.AbstractAutowireCapableBeanFactory.doCreateBean(AbstractAutowireCapableBeanFactory.java:555)
	at org.springframework.beans.factory.support.AbstractAutowireCapableBeanFactory.createBean(AbstractAutowireCapableBeanFactory.java:515)
	at org.springframework.beans.factory.support.AbstractBeanFactory.lambda$doGetBean$0(AbstractBeanFactory.java:320)
	at org.springframework.beans.factory.support.DefaultSingletonBeanRegistry.getSingleton(DefaultSingletonBeanRegistry.java:222)
	at org.springframework.beans.factory.support.AbstractBeanFactory.doGetBean(AbstractBeanFactory.java:318)
	at org.springframework.beans.factory.support.AbstractBeanFactory.getBean(AbstractBeanFactory.java:204)
	at org.springframework.boot.web.servlet.context.ServletWebServerApplicationContext.getWebServerFactory(ServletWebServerApplicationContext.java:209)
	at org.springframework.boot.web.servlet.context.ServletWebServerApplicationContext.createWebServer(ServletWebServerApplicationContext.java:178)
	at org.springframework.boot.web.servlet.context.ServletWebServerApplicationContext.onRefresh(ServletWebServerApplicationContext.java:152)
	at org.springframework.context.support.AbstractApplicationContext.__refresh(AbstractApplicationContext.java:543)
	at org.springframework.context.support.AbstractApplicationContext.jrLockAndRefresh(AbstractApplicationContext.java:40002)
	at org.springframework.context.support.AbstractApplicationContext.refresh(AbstractApplicationContext.java:41008)
	at org.springframework.boot.web.servlet.context.ServletWebServerApplicationContext.refresh(ServletWebServerApplicationContext.java:140)
	at org.springframework.boot.SpringApplication.refresh(SpringApplication.java:742)
	at org.springframework.boot.SpringApplication.refreshContext(SpringApplication.java:389)
	at org.springframework.boot.SpringApplication.run(SpringApplication.java:311)
	at org.springframework.boot.SpringApplication.run(SpringApplication.java:1213)
	at org.springframework.boot.SpringApplication.run(SpringApplication.java:1202)
	at com.mmall.MmallApplication.main(MmallApplication.java:14)
Tomcat initialized with port(s): 8085 (http)
Initializing ProtocolHandler ["http-nio-8085"]
Starting service [Tomcat]
Starting Servlet engine: [Apache Tomcat/9.0.21]
Initializing Spring embedded WebApplicationContext
Root WebApplicationContext: initialization completed in 1938 ms
Initializing ExecutorService 'applicationTaskExecutor'
Starting ProtocolHandler ["http-nio-8085"]
Tomcat started on port(s): 8085 (http) with context path ''
Started MmallApplication in 4.993 seconds (JVM running for 8.558)
Initializing Spring DispatcherServlet 'dispatcherServlet'
Initializing Servlet 'dispatcherServlet'
Completed initialization in 10 ms
HikariPool-1 - Starting...
HikariPool-1 - Start completed.
Bootstrapping Spring Data repositories in DEFAULT mode.
Finished Spring Data repository scanning in 29ms. Found 0 repository interfaces.
No MyBatis mapper was found in '[com.mmall.mapper]' package. Please check your configuration.
Bootstrapping Spring Data repositories in DEFAULT mode.
Finished Spring Data repository scanning in 21ms. Found 0 repository interfaces.
Starting MmallApplication on quantdo-PC with PID 9816 (E:\JAVA\mmall\target\classes started by quantdo in E:\JAVA\mmall)
The following profiles are active: dev
Multiple Spring Data modules found, entering strict repository configuration mode!
Bootstrapping Spring Data repositories in DEFAULT mode.
Finished Spring Data repository scanning in 39ms. Found 0 repository interfaces.
Bean 'org.springframework.transaction.annotation.ProxyTransactionManagementConfiguration' of type [org.springframework.transaction.annotation.ProxyTransactionManagementConfiguration$$EnhancerBySpringCGLIB$$48c87871] is not eligible for getting processed by all BeanPostProcessors (for example: not eligible for auto-proxying)
The APR based Apache Tomcat Native library failed to load. The error reported was [D:\apache-tomcat-8.5.43\bin\tcnative-1.dll: Can't load AMD 64-bit .dll on a IA 32-bit platform]
java.lang.UnsatisfiedLinkError: D:\apache-tomcat-8.5.43\bin\tcnative-1.dll: Can't load AMD 64-bit .dll on a IA 32-bit platform
	at java.lang.ClassLoader$NativeLibrary.load(Native Method)
	at java.lang.ClassLoader.loadLibrary0(ClassLoader.java:1938)
	at java.lang.ClassLoader.loadLibrary(ClassLoader.java:1854)
	at java.lang.Runtime.loadLibrary0(Runtime.java:870)
	at java.lang.System.loadLibrary(System.java:1122)
	at org.apache.tomcat.jni.Library.<init>(Library.java:69)
	at org.apache.tomcat.jni.Library.initialize(Library.java:206)
	at org.apache.catalina.core.AprLifecycleListener.init(AprLifecycleListener.java:198)
	at org.apache.catalina.core.AprLifecycleListener.isAprAvailable(AprLifecycleListener.java:107)
	at org.springframework.boot.web.embedded.tomcat.TomcatServletWebServerFactory.getDefaultLifecycleListeners(TomcatServletWebServerFactory.java:159)
	at org.springframework.boot.web.embedded.tomcat.TomcatServletWebServerFactory.<init>(TomcatServletWebServerFactory.java:114)
	at org.springframework.boot.autoconfigure.web.servlet.ServletWebServerFactoryConfiguration$EmbeddedTomcat.tomcatServletWebServerFactory(ServletWebServerFactoryConfiguration.java:61)
	at org.springframework.boot.autoconfigure.web.servlet.ServletWebServerFactoryConfiguration$EmbeddedTomcat$$EnhancerBySpringCGLIB$$b34aea5b.CGLIB$tomcatServletWebServerFactory$0(<generated>)
	at org.springframework.boot.autoconfigure.web.servlet.ServletWebServerFactoryConfiguration$EmbeddedTomcat$$EnhancerBySpringCGLIB$$b34aea5b$$FastClassBySpringCGLIB$$78ab49db.invoke(<generated>)
	at org.springframework.cglib.proxy.MethodProxy.invokeSuper(MethodProxy.java:244)
	at org.springframework.context.annotation.ConfigurationClassEnhancer$BeanMethodInterceptor.intercept(ConfigurationClassEnhancer.java:363)
	at org.springframework.boot.autoconfigure.web.servlet.ServletWebServerFactoryConfiguration$EmbeddedTomcat$$EnhancerBySpringCGLIB$$b34aea5b.tomcatServletWebServerFactory(<generated>)
	at sun.reflect.NativeMethodAccessorImpl.invoke0(Native Method)
	at sun.reflect.NativeMethodAccessorImpl.invoke(NativeMethodAccessorImpl.java:62)
	at sun.reflect.DelegatingMethodAccessorImpl.__invoke(DelegatingMethodAccessorImpl.java:43)
	at sun.reflect.DelegatingMethodAccessorImpl.invoke(DelegatingMethodAccessorImpl.java:45009)
	at sun.reflect.DelegatingMethodAccessorImpl.invoke(DelegatingMethodAccessorImpl.java:45012)
	at java.lang.reflect.Method.invoke(Method.java:497)
	at org.springframework.beans.factory.support.SimpleInstantiationStrategy.instantiate(SimpleInstantiationStrategy.java:154)
	at org.springframework.beans.factory.support.ConstructorResolver.instantiate(ConstructorResolver.java:622)
	at org.springframework.beans.factory.support.ConstructorResolver.instantiateUsingFactoryMethod(ConstructorResolver.java:456)
	at org.springframework.beans.factory.support.AbstractAutowireCapableBeanFactory.instantiateUsingFactoryMethod(AbstractAutowireCapableBeanFactory.java:1321)
	at org.springframework.beans.factory.support.AbstractAutowireCapableBeanFactory.createBeanInstance(AbstractAutowireCapableBeanFactory.java:1160)
	at org.springframework.beans.factory.support.AbstractAutowireCapableBeanFactory.doCreateBean(AbstractAutowireCapableBeanFactory.java:555)
	at org.springframework.beans.factory.support.AbstractAutowireCapableBeanFactory.createBean(AbstractAutowireCapableBeanFactory.java:515)
	at org.springframework.beans.factory.support.AbstractBeanFactory.lambda$doGetBean$0(AbstractBeanFactory.java:320)
	at org.springframework.beans.factory.support.DefaultSingletonBeanRegistry.getSingleton(DefaultSingletonBeanRegistry.java:222)
	at org.springframework.beans.factory.support.AbstractBeanFactory.doGetBean(AbstractBeanFactory.java:318)
	at org.springframework.beans.factory.support.AbstractBeanFactory.getBean(AbstractBeanFactory.java:204)
	at org.springframework.boot.web.servlet.context.ServletWebServerApplicationContext.getWebServerFactory(ServletWebServerApplicationContext.java:209)
	at org.springframework.boot.web.servlet.context.ServletWebServerApplicationContext.createWebServer(ServletWebServerApplicationContext.java:178)
	at org.springframework.boot.web.servlet.context.ServletWebServerApplicationContext.onRefresh(ServletWebServerApplicationContext.java:152)
	at org.springframework.context.support.AbstractApplicationContext.__refresh(AbstractApplicationContext.java:543)
	at org.springframework.context.support.AbstractApplicationContext.jrLockAndRefresh(AbstractApplicationContext.java:40002)
	at org.springframework.context.support.AbstractApplicationContext.refresh(AbstractApplicationContext.java:41008)
	at org.springframework.boot.web.servlet.context.ServletWebServerApplicationContext.refresh(ServletWebServerApplicationContext.java:140)
	at org.springframework.boot.SpringApplication.refresh(SpringApplication.java:742)
	at org.springframework.boot.SpringApplication.refreshContext(SpringApplication.java:389)
	at org.springframework.boot.SpringApplication.run(SpringApplication.java:311)
	at org.springframework.boot.SpringApplication.run(SpringApplication.java:1213)
	at org.springframework.boot.SpringApplication.run(SpringApplication.java:1202)
	at com.mmall.MmallApplication.main(MmallApplication.java:14)
Tomcat initialized with port(s): 8085 (http)
Initializing ProtocolHandler ["http-nio-8085"]
Starting service [Tomcat]
Starting Servlet engine: [Apache Tomcat/9.0.21]
Initializing Spring embedded WebApplicationContext
Root WebApplicationContext: initialization completed in 2399 ms
Initializing ExecutorService 'applicationTaskExecutor'
Starting ProtocolHandler ["http-nio-8085"]
Tomcat started on port(s): 8085 (http) with context path ''
Started MmallApplication in 5.513 seconds (JVM running for 9.33)
Initializing Spring DispatcherServlet 'dispatcherServlet'
Initializing Servlet 'dispatcherServlet'
Completed initialization in 14 ms
HikariPool-1 - Starting...
HikariPool-1 - Start completed.
HikariPool-1 - Thread starvation or clock leap detected (housekeeper delta=4m48s619ms329µs207ns).
No MyBatis mapper was found in '[com.mmall.mapper]' package. Please check your configuration.
Bootstrapping Spring Data repositories in DEFAULT mode.
Finished Spring Data repository scanning in 23ms. Found 0 repository interfaces.
Resolved [org.springframework.web.HttpRequestMethodNotSupportedException: Request method 'DELETE' not supported]
Resolved [org.springframework.web.bind.MissingServletRequestParameterException: Required String parameter 'url' is not present]
Shutting down ExecutorService 'applicationTaskExecutor'
HikariPool-1 - Shutdown initiated...
HikariPool-1 - Shutdown completed.
Starting MmallApplication on quantdo-PC with PID 8624 (E:\JAVA\mmall\target\classes started by quantdo in E:\JAVA\mmall)
The following profiles are active: dev
Multiple Spring Data modules found, entering strict repository configuration mode!
Bootstrapping Spring Data repositories in DEFAULT mode.
Finished Spring Data repository scanning in 39ms. Found 0 repository interfaces.
Bean 'org.springframework.transaction.annotation.ProxyTransactionManagementConfiguration' of type [org.springframework.transaction.annotation.ProxyTransactionManagementConfiguration$$EnhancerBySpringCGLIB$$9565c4c7] is not eligible for getting processed by all BeanPostProcessors (for example: not eligible for auto-proxying)
The APR based Apache Tomcat Native library failed to load. The error reported was [D:\apache-tomcat-8.5.43\bin\tcnative-1.dll: Can't load AMD 64-bit .dll on a IA 32-bit platform]
java.lang.UnsatisfiedLinkError: D:\apache-tomcat-8.5.43\bin\tcnative-1.dll: Can't load AMD 64-bit .dll on a IA 32-bit platform
	at java.lang.ClassLoader$NativeLibrary.load(Native Method)
	at java.lang.ClassLoader.loadLibrary0(ClassLoader.java:1938)
	at java.lang.ClassLoader.loadLibrary(ClassLoader.java:1854)
	at java.lang.Runtime.loadLibrary0(Runtime.java:870)
	at java.lang.System.loadLibrary(System.java:1122)
	at org.apache.tomcat.jni.Library.<init>(Library.java:69)
	at org.apache.tomcat.jni.Library.initialize(Library.java:206)
	at org.apache.catalina.core.AprLifecycleListener.init(AprLifecycleListener.java:198)
	at org.apache.catalina.core.AprLifecycleListener.isAprAvailable(AprLifecycleListener.java:107)
	at org.springframework.boot.web.embedded.tomcat.TomcatServletWebServerFactory.getDefaultLifecycleListeners(TomcatServletWebServerFactory.java:159)
	at org.springframework.boot.web.embedded.tomcat.TomcatServletWebServerFactory.<init>(TomcatServletWebServerFactory.java:114)
	at org.springframework.boot.autoconfigure.web.servlet.ServletWebServerFactoryConfiguration$EmbeddedTomcat.tomcatServletWebServerFactory(ServletWebServerFactoryConfiguration.java:61)
	at org.springframework.boot.autoconfigure.web.servlet.ServletWebServerFactoryConfiguration$EmbeddedTomcat$$EnhancerBySpringCGLIB$$ffe836b1.CGLIB$tomcatServletWebServerFactory$0(<generated>)
	at org.springframework.boot.autoconfigure.web.servlet.ServletWebServerFactoryConfiguration$EmbeddedTomcat$$EnhancerBySpringCGLIB$$ffe836b1$$FastClassBySpringCGLIB$$f3522759.invoke(<generated>)
	at org.springframework.cglib.proxy.MethodProxy.invokeSuper(MethodProxy.java:244)
	at org.springframework.context.annotation.ConfigurationClassEnhancer$BeanMethodInterceptor.intercept(ConfigurationClassEnhancer.java:363)
	at org.springframework.boot.autoconfigure.web.servlet.ServletWebServerFactoryConfiguration$EmbeddedTomcat$$EnhancerBySpringCGLIB$$ffe836b1.tomcatServletWebServerFactory(<generated>)
	at sun.reflect.NativeMethodAccessorImpl.invoke0(Native Method)
	at sun.reflect.NativeMethodAccessorImpl.invoke(NativeMethodAccessorImpl.java:62)
	at sun.reflect.DelegatingMethodAccessorImpl.__invoke(DelegatingMethodAccessorImpl.java:43)
	at sun.reflect.DelegatingMethodAccessorImpl.invoke(DelegatingMethodAccessorImpl.java:45009)
	at sun.reflect.DelegatingMethodAccessorImpl.invoke(DelegatingMethodAccessorImpl.java:45012)
	at java.lang.reflect.Method.invoke(Method.java:497)
	at org.springframework.beans.factory.support.SimpleInstantiationStrategy.instantiate(SimpleInstantiationStrategy.java:154)
	at org.springframework.beans.factory.support.ConstructorResolver.instantiate(ConstructorResolver.java:622)
	at org.springframework.beans.factory.support.ConstructorResolver.instantiateUsingFactoryMethod(ConstructorResolver.java:456)
	at org.springframework.beans.factory.support.AbstractAutowireCapableBeanFactory.instantiateUsingFactoryMethod(AbstractAutowireCapableBeanFactory.java:1321)
	at org.springframework.beans.factory.support.AbstractAutowireCapableBeanFactory.createBeanInstance(AbstractAutowireCapableBeanFactory.java:1160)
	at org.springframework.beans.factory.support.AbstractAutowireCapableBeanFactory.doCreateBean(AbstractAutowireCapableBeanFactory.java:555)
	at org.springframework.beans.factory.support.AbstractAutowireCapableBeanFactory.createBean(AbstractAutowireCapableBeanFactory.java:515)
	at org.springframework.beans.factory.support.AbstractBeanFactory.lambda$doGetBean$0(AbstractBeanFactory.java:320)
	at org.springframework.beans.factory.support.DefaultSingletonBeanRegistry.getSingleton(DefaultSingletonBeanRegistry.java:222)
	at org.springframework.beans.factory.support.AbstractBeanFactory.doGetBean(AbstractBeanFactory.java:318)
	at org.springframework.beans.factory.support.AbstractBeanFactory.getBean(AbstractBeanFactory.java:204)
	at org.springframework.boot.web.servlet.context.ServletWebServerApplicationContext.getWebServerFactory(ServletWebServerApplicationContext.java:209)
	at org.springframework.boot.web.servlet.context.ServletWebServerApplicationContext.createWebServer(ServletWebServerApplicationContext.java:178)
	at org.springframework.boot.web.servlet.context.ServletWebServerApplicationContext.onRefresh(ServletWebServerApplicationContext.java:152)
	at org.springframework.context.support.AbstractApplicationContext.__refresh(AbstractApplicationContext.java:543)
	at org.springframework.context.support.AbstractApplicationContext.jrLockAndRefresh(AbstractApplicationContext.java:40002)
	at org.springframework.context.support.AbstractApplicationContext.refresh(AbstractApplicationContext.java:41008)
	at org.springframework.boot.web.servlet.context.ServletWebServerApplicationContext.refresh(ServletWebServerApplicationContext.java:140)
	at org.springframework.boot.SpringApplication.refresh(SpringApplication.java:742)
	at org.springframework.boot.SpringApplication.refreshContext(SpringApplication.java:389)
	at org.springframework.boot.SpringApplication.run(SpringApplication.java:311)
	at org.springframework.boot.SpringApplication.run(SpringApplication.java:1213)
	at org.springframework.boot.SpringApplication.run(SpringApplication.java:1202)
	at com.mmall.MmallApplication.main(MmallApplication.java:14)
Tomcat initialized with port(s): 8085 (http)
Initializing ProtocolHandler ["http-nio-8085"]
Starting service [Tomcat]
Starting Servlet engine: [Apache Tomcat/9.0.21]
Initializing Spring embedded WebApplicationContext
Root WebApplicationContext: initialization completed in 2369 ms
Initializing ExecutorService 'applicationTaskExecutor'
Starting ProtocolHandler ["http-nio-8085"]
Tomcat started on port(s): 8085 (http) with context path ''
Started MmallApplication in 5.449 seconds (JVM running for 9.78)
Initializing Spring DispatcherServlet 'dispatcherServlet'
Initializing Servlet 'dispatcherServlet'
Completed initialization in 12 ms
Resolved [org.springframework.web.bind.MissingServletRequestParameterException: Required String parameter 'url' is not present]
Bootstrapping Spring Data repositories in DEFAULT mode.
Finished Spring Data repository scanning in 27ms. Found 0 repository interfaces.
No MyBatis mapper was found in '[com.mmall.mapper]' package. Please check your configuration.
HikariPool-1 - Starting...
HikariPool-1 - Start completed.
Bootstrapping Spring Data repositories in DEFAULT mode.
Finished Spring Data repository scanning in 22ms. Found 0 repository interfaces.
No MyBatis mapper was found in '[com.mmall.mapper]' package. Please check your configuration.
Bootstrapping Spring Data repositories in DEFAULT mode.
Finished Spring Data repository scanning in 18ms. Found 0 repository interfaces.
No MyBatis mapper was found in '[com.mmall.mapper]' package. Please check your configuration.
Shutting down ExecutorService 'applicationTaskExecutor'
HikariPool-1 - Shutdown initiated...
HikariPool-1 - Shutdown completed.
